;  LST file generated by mikroListExporter - v.2.0 
; Date/Time: 6.12.2018. 15:56:48
;----------------------------------------------

;Address Opcode 	ASM
____SysVT:
0x9FC01180	0x0B400381  J	___GenExcept
0x9FC01184	0x70000000  NOP	
; end of ____SysVT
____BootVT:
0xBFC00380	0x3C1E9D00  LUI	R30, 40192
0xBFC00384	0x37DE0E1C  ORI	R30, R30, 3612
0xBFC00388	0x03C00008  JR	R30
0xBFC0038C	0x70000000  NOP	
; end of ____BootVT
_main:
;Click_AnalogKey_PIC32.c, 77 :: 		void main()
0x9D000E34	0x0F4003E6  JAL	2634026904
0x9D000E38	0x70000000  NOP	
0x9D000E3C	0x0F4003C4  JAL	2634026768
0x9D000E40	0x70000000  NOP	
;Click_AnalogKey_PIC32.c, 79 :: 		systemInit();
0x9D000E44	0x0F40031B  JAL	_systemInit+0
0x9D000E48	0x70000000  NOP	
;Click_AnalogKey_PIC32.c, 80 :: 		applicationInit();
0x9D000E4C	0x0F400335  JAL	_applicationInit+0
0x9D000E50	0x70000000  NOP	
;Click_AnalogKey_PIC32.c, 82 :: 		while (1)
L_main6:
;Click_AnalogKey_PIC32.c, 84 :: 		applicationTask();
0x9D000E54	0x0F40034D  JAL	_applicationTask+0
0x9D000E58	0x70000000  NOP	
;Click_AnalogKey_PIC32.c, 85 :: 		}
0x9D000E5C	0x0B400395  J	L_main6
0x9D000E60	0x70000000  NOP	
;Click_AnalogKey_PIC32.c, 86 :: 		}
L_end_main:
L__main_end_loop:
0x9D000E64	0x0B400399  J	L__main_end_loop
0x9D000E68	0x70000000  NOP	
; end of _main
___CC2DW:
;__Lib_System.c, 4 :: 		
0x9D000CB4	0x27BDFFFC  ADDIU	SP, SP, -4
;__Lib_System.c, 6 :: 		
L_loopDW:
;__Lib_System.c, 7 :: 		
0x9D000CB8	0x831E0000  LB	R30, 0(R24)
;__Lib_System.c, 8 :: 		
0x9D000CBC	0xA2FE0000  SB	R30, 0(R23)
;__Lib_System.c, 9 :: 		
0x9D000CC0	0x26F70001  ADDIU	R23, R23, 1
;__Lib_System.c, 10 :: 		
0x9D000CC4	0x16F6FFFC  BNE	R23, R22, L_loopDW
;__Lib_System.c, 11 :: 		
0x9D000CC8	0x27180001  ADDIU	R24, R24, 1
;__Lib_System.c, 13 :: 		
L_end___CC2DW:
0x9D000CCC	0x03E00008  JR	RA
0x9D000CD0	0x27BD0004  ADDIU	SP, SP, 4
; end of ___CC2DW
___FillZeros:
;__Lib_System.c, 161 :: 		
0x9D000C4C	0x27BDFFFC  ADDIU	SP, SP, -4
;__Lib_System.c, 163 :: 		
L___FillZeros0:
;__Lib_System.c, 164 :: 		
0x9D000C50	0x12F60004  BEQ	R23, R22, L___FillZeros1
;__Lib_System.c, 165 :: 		
0x9D000C54	0x70000000  NOP	
;__Lib_System.c, 166 :: 		
L____FillZeros4:
;__Lib_System.c, 167 :: 		
0x9D000C58	0xAEE00000  SW	R0, 0(R23)
;__Lib_System.c, 168 :: 		
0x9D000C5C	0x0B400314  J	L___FillZeros0
;__Lib_System.c, 169 :: 		
0x9D000C60	0x26F70004  ADDIU	R23, R23, 4
;__Lib_System.c, 170 :: 		
L___FillZeros1:
;__Lib_System.c, 172 :: 		
L_end___FillZeros:
0x9D000C64	0x03E00008  JR	RA
0x9D000C68	0x27BD0004  ADDIU	SP, SP, 4
; end of ___FillZeros
_systemInit:
;Click_AnalogKey_PIC32.c, 31 :: 		void systemInit()
0x9D000C6C	0x27BDFFF4  ADDIU	SP, SP, -12
0x9D000C70	0xAFBF0000  SW	RA, 0(SP)
;Click_AnalogKey_PIC32.c, 33 :: 		mikrobus_logInit( _LOG_USBUART_A, 9600 );
0x9D000C74	0xAFB90004  SW	R25, 4(SP)
0x9D000C78	0xAFBA0008  SW	R26, 8(SP)
0x9D000C7C	0x341A2580  ORI	R26, R0, 9600
0x9D000C80	0x0F400286  JAL	_mikrobus_logInit+0
0x9D000C84	0x34190020  ORI	R25, R0, 32
;Click_AnalogKey_PIC32.c, 34 :: 		mikrobus_logWrite("--- System Init ---", _LOG_LINE);
0x9D000C88	0x341A0002  ORI	R26, R0, 2
0x9D000C8C	0x3C19A000  LUI	R25, hi_addr(?lstr1_Click_AnalogKey_PIC32+0)
0x9D000C90	0x0F4002B8  JAL	_mikrobus_logWrite+0
0x9D000C94	0x3739002C  ORI	R25, R25, lo_addr(?lstr1_Click_AnalogKey_PIC32+0)
;Click_AnalogKey_PIC32.c, 35 :: 		Delay_100ms();
0x9D000C98	0x0F40027F  JAL	_Delay_100ms+0
0x9D000C9C	0x70000000  NOP	
;Click_AnalogKey_PIC32.c, 36 :: 		}
L_end_systemInit:
0x9D000CA0	0x8FBA0008  LW	R26, 8(SP)
0x9D000CA4	0x8FB90004  LW	R25, 4(SP)
0x9D000CA8	0x8FBF0000  LW	RA, 0(SP)
0x9D000CAC	0x03E00008  JR	RA
0x9D000CB0	0x27BD000C  ADDIU	SP, SP, 12
; end of _systemInit
_mikrobus_logInit:
;easypicfusion_v7_P32MX795F512L.c, 283 :: 		T_mikrobus_ret mikrobus_logInit(T_log_bus port, const uint32_t baud)
0x9D000A18	0x27BDFFF8  ADDIU	SP, SP, -8
0x9D000A1C	0xAFBF0000  SW	RA, 0(SP)
;easypicfusion_v7_P32MX795F512L.c, 285 :: 		switch( port )
0x9D000A20	0x0B40029C  J	L_mikrobus_logInit35
0x9D000A24	0xAFB90004  SW	R25, 4(SP)
;easypicfusion_v7_P32MX795F512L.c, 288 :: 		case _MIKROBUS1: return _log_init1( baud );
L_mikrobus_logInit37:
0x9D000A28	0x0F40010B  JAL	easypicfusion_v7_P32MX795F512L__log_init1+0
0x9D000A2C	0x0340C80A  MOVZ	R25, R26, R0
0x9D000A30	0x0B4002AD  J	L_end_mikrobus_logInit
0x9D000A34	0x70000000  NOP	
;easypicfusion_v7_P32MX795F512L.c, 291 :: 		case _MIKROBUS2: return _log_init2( baud );
L_mikrobus_logInit38:
0x9D000A38	0x0F400180  JAL	easypicfusion_v7_P32MX795F512L__log_init2+0
0x9D000A3C	0x0340C80A  MOVZ	R25, R26, R0
0x9D000A40	0x0B4002AD  J	L_end_mikrobus_logInit
0x9D000A44	0x70000000  NOP	
;easypicfusion_v7_P32MX795F512L.c, 309 :: 		case _LOG_USBUART_A : return _log_initUartA( baud );
L_mikrobus_logInit39:
0x9D000A48	0x0F40015E  JAL	easypicfusion_v7_P32MX795F512L__log_initUartA+0
0x9D000A4C	0x0340C80A  MOVZ	R25, R26, R0
0x9D000A50	0x0B4002AD  J	L_end_mikrobus_logInit
0x9D000A54	0x70000000  NOP	
;easypicfusion_v7_P32MX795F512L.c, 312 :: 		case _LOG_USBUART_B : return _log_initUartB( baud );
L_mikrobus_logInit40:
0x9D000A58	0x0F400169  JAL	easypicfusion_v7_P32MX795F512L__log_initUartB+0
0x9D000A5C	0x0340C80A  MOVZ	R25, R26, R0
0x9D000A60	0x0B4002AD  J	L_end_mikrobus_logInit
0x9D000A64	0x70000000  NOP	
;easypicfusion_v7_P32MX795F512L.c, 314 :: 		default : return _MIKROBUS_ERR_BUS;
L_mikrobus_logInit41:
0x9D000A68	0x0B4002AD  J	L_end_mikrobus_logInit
0x9D000A6C	0x34020001  ORI	R2, R0, 1
;easypicfusion_v7_P32MX795F512L.c, 315 :: 		}
L_mikrobus_logInit35:
0x9D000A70	0x332200FF  ANDI	R2, R25, 255
0x9D000A74	0x1040FFEC  BEQ	R2, R0, L_mikrobus_logInit37
0x9D000A78	0x70000000  NOP	
L__mikrobus_logInit162:
0x9D000A7C	0x332300FF  ANDI	R3, R25, 255
0x9D000A80	0x34020001  ORI	R2, R0, 1
0x9D000A84	0x1062FFEC  BEQ	R3, R2, L_mikrobus_logInit38
0x9D000A88	0x70000000  NOP	
L__mikrobus_logInit164:
0x9D000A8C	0x332300FF  ANDI	R3, R25, 255
0x9D000A90	0x34020020  ORI	R2, R0, 32
0x9D000A94	0x1062FFEC  BEQ	R3, R2, L_mikrobus_logInit39
0x9D000A98	0x70000000  NOP	
L__mikrobus_logInit166:
0x9D000A9C	0x332300FF  ANDI	R3, R25, 255
0x9D000AA0	0x34020030  ORI	R2, R0, 48
0x9D000AA4	0x1062FFEC  BEQ	R3, R2, L_mikrobus_logInit40
0x9D000AA8	0x70000000  NOP	
L__mikrobus_logInit168:
0x9D000AAC	0x0B40029A  J	L_mikrobus_logInit41
0x9D000AB0	0x70000000  NOP	
;easypicfusion_v7_P32MX795F512L.c, 317 :: 		}
L_end_mikrobus_logInit:
0x9D000AB4	0x8FB90004  LW	R25, 4(SP)
0x9D000AB8	0x8FBF0000  LW	RA, 0(SP)
0x9D000ABC	0x03E00008  JR	RA
0x9D000AC0	0x27BD0008  ADDIU	SP, SP, 8
; end of _mikrobus_logInit
easypicfusion_v7_P32MX795F512L__log_init1:
;__epf_32mx795f512l_log.c, 23 :: 		static T_mikrobus_ret _log_init1(uint32_t baud)
0x9D00042C	0x27BDFFFC  ADDIU	SP, SP, -4
0x9D000430	0xAFBF0000  SW	RA, 0(SP)
;__epf_32mx795f512l_log.c, 25 :: 		UART2_Init(baud);
0x9D000434	0x0F4000CF  JAL	_UART2_Init+0
0x9D000438	0x70000000  NOP	
;__epf_32mx795f512l_log.c, 26 :: 		logger = UART2_Write;
0x9D00043C	0x3C029D00  LUI	R2, hi_addr(_UART2_Write+0)
0x9D000440	0x3442009C  ORI	R2, R2, lo_addr(_UART2_Write+0)
0x9D000444	0xAC228044  SW	R2, Offset(_logger+0)(GP)
;__epf_32mx795f512l_log.c, 27 :: 		return 0;
0x9D000448	0x0000100A  MOVZ	R2, R0, R0
;__epf_32mx795f512l_log.c, 28 :: 		}
L_end__log_init1:
0x9D00044C	0x8FBF0000  LW	RA, 0(SP)
0x9D000450	0x03E00008  JR	RA
0x9D000454	0x27BD0004  ADDIU	SP, SP, 4
; end of easypicfusion_v7_P32MX795F512L__log_init1
_UART2_Init:
;__Lib_UART_123456.c, 217 :: 		
0x9D00033C	0x27BDFFEC  ADDIU	SP, SP, -20
0x9D000340	0xAFBF0000  SW	RA, 0(SP)
;__Lib_UART_123456.c, 220 :: 		
0x9D000344	0xAFB90004  SW	R25, 4(SP)
0x9D000348	0xAFBA0008  SW	R26, 8(SP)
0x9D00034C	0xAFBB000C  SW	R27, 12(SP)
0x9D000350	0x3C029D00  LUI	R2, hi_addr(_UART2_Write+0)
0x9D000354	0x3442009C  ORI	R2, R2, lo_addr(_UART2_Write+0)
0x9D000358	0xAC228058  SW	R2, Offset(_UART_Wr_Ptr+0)(GP)
;__Lib_UART_123456.c, 221 :: 		
0x9D00035C	0x3C02FFFF  LUI	R2, hi_addr(_UART2_Read+0)
0x9D000360	0x3442FFFF  ORI	R2, R2, lo_addr(_UART2_Read+0)
0x9D000364	0xAC228050  SW	R2, Offset(_UART_Rd_Ptr+0)(GP)
;__Lib_UART_123456.c, 222 :: 		
0x9D000368	0x3C02FFFF  LUI	R2, hi_addr(_UART2_Data_Ready+0)
0x9D00036C	0x3442FFFF  ORI	R2, R2, lo_addr(_UART2_Data_Ready+0)
0x9D000370	0xAC228048  SW	R2, Offset(_UART_Rdy_Ptr+0)(GP)
;__Lib_UART_123456.c, 223 :: 		
0x9D000374	0x3C02FFFF  LUI	R2, hi_addr(_UART2_Tx_Idle+0)
0x9D000378	0x3442FFFF  ORI	R2, R2, lo_addr(_UART2_Tx_Idle+0)
;__Lib_UART_123456.c, 225 :: 		
0x9D00037C	0x0F400000  JAL	_Get_Fosc_kHz+0
0x9D000380	0xAC22804C  SW	R2, Offset(_UART_Tx_Idle_Ptr+0)(GP)
0x9D000384	0xAFB90010  SW	R25, 16(SP)
0x9D000388	0x0000D80A  MOVZ	R27, R0, R0
0x9D00038C	0x0320D00A  MOVZ	R26, R25, R0
0x9D000390	0x0F400004  JAL	__Lib_UART_123456_UART_Calc_BRG+0
0x9D000394	0x0040C80A  MOVZ	R25, R2, R0
0x9D000398	0x8FB90010  LW	R25, 16(SP)
; brg_tmp start address is: 16 (R4)
0x9D00039C	0x0040200A  MOVZ	R4, R2, R0
;__Lib_UART_123456.c, 226 :: 		
0x9D0003A0	0x34030008  ORI	R3, R0, 8
0x9D0003A4	0x3C1EBF80  LUI	R30, 49024
;__Lib_UART_123456.c, 227 :: 		
0x9D0003A8	0x1440000C  BNE	R2, R0, L__UART2_Init133
0x9D0003AC	0xAFC36804  SW	R3, 26628(R30)
L__UART2_Init192:
; brg_tmp end address is: 16 (R4)
;__Lib_UART_123456.c, 228 :: 		
0x9D0003B0	0x0F400000  JAL	_Get_Fosc_kHz+0
0x9D0003B4	0x70000000  NOP	
0x9D0003B8	0x341B0001  ORI	R27, R0, 1
0x9D0003BC	0x0320D00A  MOVZ	R26, R25, R0
0x9D0003C0	0x0F400004  JAL	__Lib_UART_123456_UART_Calc_BRG+0
0x9D0003C4	0x0040C80A  MOVZ	R25, R2, R0
; brg_tmp start address is: 12 (R3)
0x9D0003C8	0x0040180A  MOVZ	R3, R2, R0
;__Lib_UART_123456.c, 229 :: 		
0x9D0003CC	0x34020008  ORI	R2, R0, 8
0x9D0003D0	0x3C1EBF80  LUI	R30, 49024
; brg_tmp end address is: 12 (R3)
;__Lib_UART_123456.c, 230 :: 		
0x9D0003D4	0x0B4000F8  J	L_UART2_Init35
0x9D0003D8	0xAFC26808  SW	R2, 26632(R30)
L__UART2_Init133:
;__Lib_UART_123456.c, 227 :: 		
0x9D0003DC	0x0080180A  MOVZ	R3, R4, R0
;__Lib_UART_123456.c, 230 :: 		
L_UART2_Init35:
;__Lib_UART_123456.c, 231 :: 		
; brg_tmp start address is: 12 (R3)
0x9D0003E0	0x2462FFFF  ADDIU	R2, R3, -1
; brg_tmp end address is: 12 (R3)
0x9D0003E4	0x3C1EBF80  LUI	R30, 49024
0x9D0003E8	0xAFC26840  SW	R2, 26688(R30)
;__Lib_UART_123456.c, 232 :: 		
0x9D0003EC	0x3C1EBF80  LUI	R30, 49024
0x9D0003F0	0x8FC26800  LW	R2, 26624(R30)
0x9D0003F4	0x34428000  ORI	R2, R2, 32768
0x9D0003F8	0x3C1EBF80  LUI	R30, 49024
0x9D0003FC	0xAFC26800  SW	R2, 26624(R30)
;__Lib_UART_123456.c, 233 :: 		
0x9D000400	0x34021400  ORI	R2, R0, 5120
0x9D000404	0x3C1EBF80  LUI	R30, 49024
0x9D000408	0xAFC26810  SW	R2, 26640(R30)
;__Lib_UART_123456.c, 234 :: 		
L_end_UART2_Init:
0x9D00040C	0x8FBB000C  LW	R27, 12(SP)
0x9D000410	0x8FBA0008  LW	R26, 8(SP)
0x9D000414	0x8FB90004  LW	R25, 4(SP)
0x9D000418	0x8FBF0000  LW	RA, 0(SP)
0x9D00041C	0x03E00008  JR	RA
0x9D000420	0x27BD0014  ADDIU	SP, SP, 20
; end of _UART2_Init
_Get_Fosc_kHz:
;__Lib_Delays.c, 1 :: 		unsigned long Get_Fosc_kHz(){
;__Lib_Delays.c, 3 :: 		return Clock_kHz();
0x9D000000	0x3C020001  LUI	R2, 1
0x9D000004	0x34423880  ORI	R2, R2, 14464
;__Lib_Delays.c, 4 :: 		}
L_end_Get_Fosc_kHz:
0x9D000008	0x03E00008  JR	RA
0x9D00000C	0x70000000  NOP	
; end of _Get_Fosc_kHz
__Lib_UART_123456_UART_Calc_BRG:
;__Lib_UART_123456.c, 19 :: 		
0x9D000010	0x27BDFFFC  ADDIU	SP, SP, -4
;__Lib_UART_123456.c, 21 :: 		
0x9D000014	0x340203E8  ORI	R2, R0, 1000
0x9D000018	0x03220019  MULTU	R25, R2
0x9D00001C	0x00001012  MFLO	R2
; tmp start address is: 12 (R3)
0x9D000020	0x0040180A  MOVZ	R3, R2, R0
;__Lib_UART_123456.c, 23 :: 		
0x9D000024	0x3C1EBF81  LUI	R30, 49025
0x9D000028	0x8FC2F000  LW	R2, -4096(R30)
0x9D00002C	0x7C420CC0  EXT	R2, R2, 19, 2
0x9D000030	0x00431006  SRLV	R2, R3, R2
0x9D000034	0x0040180A  MOVZ	R3, R2, R0
;__Lib_UART_123456.c, 26 :: 		
0x9D000038	0x336200FF  ANDI	R2, R27, 255
0x9D00003C	0x14400004  BNE	R2, R0, L___Lib_UART_123456_UART_Calc_BRG0
0x9D000040	0x70000000  NOP	
L___Lib_UART_123456_UART_Calc_BRG149:
;__Lib_UART_123456.c, 27 :: 		
0x9D000044	0x001A1100  SLL	R2, R26, 4
; tmp1 start address is: 16 (R4)
; tmp1 end address is: 16 (R4)
0x9D000048	0x0B400016  J	L___Lib_UART_123456_UART_Calc_BRG1
0x9D00004C	0x0040200A  MOVZ	R4, R2, R0
L___Lib_UART_123456_UART_Calc_BRG0:
;__Lib_UART_123456.c, 29 :: 		
0x9D000050	0x001A1080  SLL	R2, R26, 2
; tmp1 start address is: 16 (R4)
0x9D000054	0x0040200A  MOVZ	R4, R2, R0
; tmp1 end address is: 16 (R4)
L___Lib_UART_123456_UART_Calc_BRG1:
;__Lib_UART_123456.c, 31 :: 		
; tmp1 start address is: 16 (R4)
0x9D000058	0x0064001B  DIVU	R3, R4
0x9D00005C	0x00001010  MFHI	R2
; tmp2 start address is: 20 (R5)
0x9D000060	0x0040280A  MOVZ	R5, R2, R0
;__Lib_UART_123456.c, 32 :: 		
0x9D000064	0x0064001B  DIVU	R3, R4
0x9D000068	0x00001012  MFLO	R2
0x9D00006C	0x0040180A  MOVZ	R3, R2, R0
;__Lib_UART_123456.c, 34 :: 		
0x9D000070	0x00041042  SRL	R2, R4, 1
; tmp1 end address is: 16 (R4)
0x9D000074	0x0045102B  SLTU	R2, R2, R5
0x9D000078	0x10400005  BEQ	R2, R0, L___Lib_UART_123456_UART_Calc_BRG128
0x9D00007C	0x70000000  NOP	
L___Lib_UART_123456_UART_Calc_BRG150:
; tmp2 end address is: 20 (R5)
;__Lib_UART_123456.c, 35 :: 		
0x9D000080	0x24620001  ADDIU	R2, R3, 1
0x9D000084	0x0040180A  MOVZ	R3, R2, R0
; tmp end address is: 12 (R3)
0x9D000088	0x0B400025  J	L___Lib_UART_123456_UART_Calc_BRG2
0x9D00008C	0x0060100A  MOVZ	R2, R3, R0
L___Lib_UART_123456_UART_Calc_BRG128:
;__Lib_UART_123456.c, 34 :: 		
0x9D000090	0x0060100A  MOVZ	R2, R3, R0
;__Lib_UART_123456.c, 35 :: 		
L___Lib_UART_123456_UART_Calc_BRG2:
;__Lib_UART_123456.c, 37 :: 		
; tmp start address is: 8 (R2)
; tmp end address is: 8 (R2)
;__Lib_UART_123456.c, 38 :: 		
L_end_UART_Calc_BRG:
0x9D000094	0x03E00008  JR	RA
0x9D000098	0x27BD0004  ADDIU	SP, SP, 4
; end of __Lib_UART_123456_UART_Calc_BRG
easypicfusion_v7_P32MX795F512L__log_init2:
;__epf_32mx795f512l_log.c, 30 :: 		static T_mikrobus_ret _log_init2(uint32_t baud)
0x9D000600	0x27BDFFFC  ADDIU	SP, SP, -4
0x9D000604	0xAFBF0000  SW	RA, 0(SP)
;__epf_32mx795f512l_log.c, 32 :: 		UART5_Init(baud);
0x9D000608	0x0F400041  JAL	_UART5_Init+0
0x9D00060C	0x70000000  NOP	
;__epf_32mx795f512l_log.c, 33 :: 		logger = UART5_Write;
0x9D000610	0x3C029D00  LUI	R2, hi_addr(_UART5_Write+0)
0x9D000614	0x344202A0  ORI	R2, R2, lo_addr(_UART5_Write+0)
0x9D000618	0xAC228044  SW	R2, Offset(_logger+0)(GP)
;__epf_32mx795f512l_log.c, 34 :: 		return 0;
0x9D00061C	0x0000100A  MOVZ	R2, R0, R0
;__epf_32mx795f512l_log.c, 35 :: 		}
L_end__log_init2:
0x9D000620	0x8FBF0000  LW	RA, 0(SP)
0x9D000624	0x03E00008  JR	RA
0x9D000628	0x27BD0004  ADDIU	SP, SP, 4
; end of easypicfusion_v7_P32MX795F512L__log_init2
_UART5_Init:
;__Lib_UART_123456.c, 557 :: 		
0x9D000104	0x27BDFFEC  ADDIU	SP, SP, -20
0x9D000108	0xAFBF0000  SW	RA, 0(SP)
;__Lib_UART_123456.c, 560 :: 		
0x9D00010C	0xAFB90004  SW	R25, 4(SP)
0x9D000110	0xAFBA0008  SW	R26, 8(SP)
0x9D000114	0xAFBB000C  SW	R27, 12(SP)
0x9D000118	0x3C029D00  LUI	R2, hi_addr(_UART5_Write+0)
0x9D00011C	0x344202A0  ORI	R2, R2, lo_addr(_UART5_Write+0)
0x9D000120	0xAC228058  SW	R2, Offset(_UART_Wr_Ptr+0)(GP)
;__Lib_UART_123456.c, 561 :: 		
0x9D000124	0x3C02FFFF  LUI	R2, hi_addr(_UART5_Read+0)
0x9D000128	0x3442FFFF  ORI	R2, R2, lo_addr(_UART5_Read+0)
0x9D00012C	0xAC228050  SW	R2, Offset(_UART_Rd_Ptr+0)(GP)
;__Lib_UART_123456.c, 562 :: 		
0x9D000130	0x3C02FFFF  LUI	R2, hi_addr(_UART5_Data_Ready+0)
0x9D000134	0x3442FFFF  ORI	R2, R2, lo_addr(_UART5_Data_Ready+0)
0x9D000138	0xAC228048  SW	R2, Offset(_UART_Rdy_Ptr+0)(GP)
;__Lib_UART_123456.c, 563 :: 		
0x9D00013C	0x3C02FFFF  LUI	R2, hi_addr(_UART5_Tx_Idle+0)
0x9D000140	0x3442FFFF  ORI	R2, R2, lo_addr(_UART5_Tx_Idle+0)
;__Lib_UART_123456.c, 565 :: 		
0x9D000144	0x0F400000  JAL	_Get_Fosc_kHz+0
0x9D000148	0xAC22804C  SW	R2, Offset(_UART_Tx_Idle_Ptr+0)(GP)
0x9D00014C	0xAFB90010  SW	R25, 16(SP)
0x9D000150	0x0000D80A  MOVZ	R27, R0, R0
0x9D000154	0x0320D00A  MOVZ	R26, R25, R0
0x9D000158	0x0F400004  JAL	__Lib_UART_123456_UART_Calc_BRG+0
0x9D00015C	0x0040C80A  MOVZ	R25, R2, R0
0x9D000160	0x8FB90010  LW	R25, 16(SP)
; brg_tmp start address is: 16 (R4)
0x9D000164	0x0040200A  MOVZ	R4, R2, R0
;__Lib_UART_123456.c, 566 :: 		
0x9D000168	0x34030008  ORI	R3, R0, 8
0x9D00016C	0x3C1EBF80  LUI	R30, 49024
;__Lib_UART_123456.c, 567 :: 		
0x9D000170	0x1440000C  BNE	R2, R0, L__UART5_Init142
0x9D000174	0xAFC36A04  SW	R3, 27140(R30)
L__UART5_Init261:
; brg_tmp end address is: 16 (R4)
;__Lib_UART_123456.c, 568 :: 		
0x9D000178	0x0F400000  JAL	_Get_Fosc_kHz+0
0x9D00017C	0x70000000  NOP	
0x9D000180	0x341B0001  ORI	R27, R0, 1
0x9D000184	0x0320D00A  MOVZ	R26, R25, R0
0x9D000188	0x0F400004  JAL	__Lib_UART_123456_UART_Calc_BRG+0
0x9D00018C	0x0040C80A  MOVZ	R25, R2, R0
; brg_tmp start address is: 12 (R3)
0x9D000190	0x0040180A  MOVZ	R3, R2, R0
;__Lib_UART_123456.c, 569 :: 		
0x9D000194	0x34020008  ORI	R2, R0, 8
0x9D000198	0x3C1EBF80  LUI	R30, 49024
; brg_tmp end address is: 12 (R3)
;__Lib_UART_123456.c, 570 :: 		
0x9D00019C	0x0B40006A  J	L_UART5_Init92
0x9D0001A0	0xAFC26A08  SW	R2, 27144(R30)
L__UART5_Init142:
;__Lib_UART_123456.c, 567 :: 		
0x9D0001A4	0x0080180A  MOVZ	R3, R4, R0
;__Lib_UART_123456.c, 570 :: 		
L_UART5_Init92:
;__Lib_UART_123456.c, 571 :: 		
; brg_tmp start address is: 12 (R3)
0x9D0001A8	0x2462FFFF  ADDIU	R2, R3, -1
; brg_tmp end address is: 12 (R3)
0x9D0001AC	0x3C1EBF80  LUI	R30, 49024
0x9D0001B0	0xAFC26A40  SW	R2, 27200(R30)
;__Lib_UART_123456.c, 572 :: 		
0x9D0001B4	0x3C1EBF80  LUI	R30, 49024
0x9D0001B8	0x8FC26A00  LW	R2, 27136(R30)
0x9D0001BC	0x34428000  ORI	R2, R2, 32768
0x9D0001C0	0x3C1EBF80  LUI	R30, 49024
0x9D0001C4	0xAFC26A00  SW	R2, 27136(R30)
;__Lib_UART_123456.c, 573 :: 		
0x9D0001C8	0x34021400  ORI	R2, R0, 5120
0x9D0001CC	0x3C1EBF80  LUI	R30, 49024
0x9D0001D0	0xAFC26A10  SW	R2, 27152(R30)
;__Lib_UART_123456.c, 574 :: 		
L_end_UART5_Init:
0x9D0001D4	0x8FBB000C  LW	R27, 12(SP)
0x9D0001D8	0x8FBA0008  LW	R26, 8(SP)
0x9D0001DC	0x8FB90004  LW	R25, 4(SP)
0x9D0001E0	0x8FBF0000  LW	RA, 0(SP)
0x9D0001E4	0x03E00008  JR	RA
0x9D0001E8	0x27BD0014  ADDIU	SP, SP, 20
; end of _UART5_Init
easypicfusion_v7_P32MX795F512L__log_initUartA:
;__epf_32mx795f512l_log.c, 37 :: 		static T_mikrobus_ret _log_initUartA(uint32_t baud)
0x9D000578	0x27BDFFFC  ADDIU	SP, SP, -4
0x9D00057C	0xAFBF0000  SW	RA, 0(SP)
;__epf_32mx795f512l_log.c, 39 :: 		UART2_Init(baud);
0x9D000580	0x0F4000CF  JAL	_UART2_Init+0
0x9D000584	0x70000000  NOP	
;__epf_32mx795f512l_log.c, 40 :: 		logger = UART2_Write;
0x9D000588	0x3C029D00  LUI	R2, hi_addr(_UART2_Write+0)
0x9D00058C	0x3442009C  ORI	R2, R2, lo_addr(_UART2_Write+0)
0x9D000590	0xAC228044  SW	R2, Offset(_logger+0)(GP)
;__epf_32mx795f512l_log.c, 41 :: 		return 0;
0x9D000594	0x0000100A  MOVZ	R2, R0, R0
;__epf_32mx795f512l_log.c, 42 :: 		}
L_end__log_initUartA:
0x9D000598	0x8FBF0000  LW	RA, 0(SP)
0x9D00059C	0x03E00008  JR	RA
0x9D0005A0	0x27BD0004  ADDIU	SP, SP, 4
; end of easypicfusion_v7_P32MX795F512L__log_initUartA
easypicfusion_v7_P32MX795F512L__log_initUartB:
;__epf_32mx795f512l_log.c, 44 :: 		static T_mikrobus_ret _log_initUartB(uint32_t baud)
0x9D0005A4	0x27BDFFFC  ADDIU	SP, SP, -4
0x9D0005A8	0xAFBF0000  SW	RA, 0(SP)
;__epf_32mx795f512l_log.c, 46 :: 		UART5_Init(baud);
0x9D0005AC	0x0F400041  JAL	_UART5_Init+0
0x9D0005B0	0x70000000  NOP	
;__epf_32mx795f512l_log.c, 47 :: 		logger = UART5_Write;
0x9D0005B4	0x3C029D00  LUI	R2, hi_addr(_UART5_Write+0)
0x9D0005B8	0x344202A0  ORI	R2, R2, lo_addr(_UART5_Write+0)
0x9D0005BC	0xAC228044  SW	R2, Offset(_logger+0)(GP)
;__epf_32mx795f512l_log.c, 48 :: 		return 0;
0x9D0005C0	0x0000100A  MOVZ	R2, R0, R0
;__epf_32mx795f512l_log.c, 49 :: 		}
L_end__log_initUartB:
0x9D0005C4	0x8FBF0000  LW	RA, 0(SP)
0x9D0005C8	0x03E00008  JR	RA
0x9D0005CC	0x27BD0004  ADDIU	SP, SP, 4
; end of easypicfusion_v7_P32MX795F512L__log_initUartB
_mikrobus_logWrite:
;easypicfusion_v7_P32MX795F512L.c, 319 :: 		T_mikrobus_ret mikrobus_logWrite(uint8_t* data_, T_log_format format)
0x9D000AE0	0x27BDFFE8  ADDIU	SP, SP, -24
0x9D000AE4	0xAFBF0000  SW	RA, 0(SP)
;easypicfusion_v7_P32MX795F512L.c, 321 :: 		uint8_t *ptr = data_;
0x9D000AE8	0xAFB90004  SW	R25, 4(SP)
; ptr start address is: 16 (R4)
0x9D000AEC	0x0320200A  MOVZ	R4, R25, R0
;easypicfusion_v7_P32MX795F512L.c, 322 :: 		uint8_t row = 13;
0x9D000AF0	0x341E000D  ORI	R30, R0, 13
0x9D000AF4	0xA3BE0014  SB	R30, 20(SP)
0x9D000AF8	0x341E000A  ORI	R30, R0, 10
;easypicfusion_v7_P32MX795F512L.c, 323 :: 		uint8_t line = 10;
;easypicfusion_v7_P32MX795F512L.c, 324 :: 		switch( format )
0x9D000AFC	0x0B4002F2  J	L_mikrobus_logWrite42
0x9D000B00	0xA3BE0015  SB	R30, 21(SP)
;easypicfusion_v7_P32MX795F512L.c, 326 :: 		case _LOG_BYTE :
L_mikrobus_logWrite44:
;easypicfusion_v7_P32MX795F512L.c, 327 :: 		_log_write( ptr );
; ptr end address is: 16 (R4)
0x9D000B04	0x0F400174  JAL	easypicfusion_v7_P32MX795F512L__log_write+0
0x9D000B08	0x0080C80A  MOVZ	R25, R4, R0
;easypicfusion_v7_P32MX795F512L.c, 328 :: 		break;
0x9D000B0C	0x0B4002FF  J	L_mikrobus_logWrite43
0x9D000B10	0x70000000  NOP	
;easypicfusion_v7_P32MX795F512L.c, 329 :: 		case _LOG_TEXT :
L_mikrobus_logWrite45:
;easypicfusion_v7_P32MX795F512L.c, 330 :: 		while( *ptr )
; ptr start address is: 16 (R4)
0x9D000B14	0x0080180A  MOVZ	R3, R4, R0
L_mikrobus_logWrite46:
; ptr end address is: 16 (R4)
; ptr start address is: 12 (R3)
0x9D000B18	0x90620000  LBU	R2, 0(R3)
0x9D000B1C	0x1040000C  BEQ	R2, R0, L_mikrobus_logWrite47
0x9D000B20	0x70000000  NOP	
L__mikrobus_logWrite171:
;easypicfusion_v7_P32MX795F512L.c, 332 :: 		_log_write( ptr );
0x9D000B24	0xAFA30008  SW	R3, 8(SP)
0x9D000B28	0xA3BA000C  SB	R26, 12(SP)
0x9D000B2C	0xAFB90010  SW	R25, 16(SP)
0x9D000B30	0x0F400174  JAL	easypicfusion_v7_P32MX795F512L__log_write+0
0x9D000B34	0x0060C80A  MOVZ	R25, R3, R0
0x9D000B38	0x8FB90010  LW	R25, 16(SP)
0x9D000B3C	0x93BA000C  LBU	R26, 12(SP)
0x9D000B40	0x8FA30008  LW	R3, 8(SP)
;easypicfusion_v7_P32MX795F512L.c, 333 :: 		ptr++;
0x9D000B44	0x24620001  ADDIU	R2, R3, 1
;easypicfusion_v7_P32MX795F512L.c, 334 :: 		}
; ptr end address is: 12 (R3)
0x9D000B48	0x0B4002C6  J	L_mikrobus_logWrite46
0x9D000B4C	0x0040180A  MOVZ	R3, R2, R0
L_mikrobus_logWrite47:
;easypicfusion_v7_P32MX795F512L.c, 335 :: 		break;
0x9D000B50	0x0B4002FF  J	L_mikrobus_logWrite43
0x9D000B54	0x70000000  NOP	
;easypicfusion_v7_P32MX795F512L.c, 336 :: 		case _LOG_LINE :
L_mikrobus_logWrite48:
;easypicfusion_v7_P32MX795F512L.c, 337 :: 		while( *ptr )
; ptr start address is: 16 (R4)
0x9D000B58	0x0080180A  MOVZ	R3, R4, R0
L_mikrobus_logWrite49:
; ptr end address is: 16 (R4)
; ptr start address is: 12 (R3)
0x9D000B5C	0x90620000  LBU	R2, 0(R3)
0x9D000B60	0x1040000C  BEQ	R2, R0, L_mikrobus_logWrite50
0x9D000B64	0x70000000  NOP	
L__mikrobus_logWrite173:
;easypicfusion_v7_P32MX795F512L.c, 339 :: 		_log_write( ptr );
0x9D000B68	0xAFA30008  SW	R3, 8(SP)
0x9D000B6C	0xA3BA000C  SB	R26, 12(SP)
0x9D000B70	0xAFB90010  SW	R25, 16(SP)
0x9D000B74	0x0F400174  JAL	easypicfusion_v7_P32MX795F512L__log_write+0
0x9D000B78	0x0060C80A  MOVZ	R25, R3, R0
0x9D000B7C	0x8FB90010  LW	R25, 16(SP)
0x9D000B80	0x93BA000C  LBU	R26, 12(SP)
0x9D000B84	0x8FA30008  LW	R3, 8(SP)
;easypicfusion_v7_P32MX795F512L.c, 340 :: 		ptr++;
0x9D000B88	0x24620001  ADDIU	R2, R3, 1
;easypicfusion_v7_P32MX795F512L.c, 341 :: 		}
; ptr end address is: 12 (R3)
0x9D000B8C	0x0B4002D7  J	L_mikrobus_logWrite49
0x9D000B90	0x0040180A  MOVZ	R3, R2, R0
L_mikrobus_logWrite50:
;easypicfusion_v7_P32MX795F512L.c, 342 :: 		_log_write( &row );
0x9D000B94	0x27A20014  ADDIU	R2, SP, 20
0x9D000B98	0xA3BA0008  SB	R26, 8(SP)
0x9D000B9C	0xAFB9000C  SW	R25, 12(SP)
0x9D000BA0	0x0F400174  JAL	easypicfusion_v7_P32MX795F512L__log_write+0
0x9D000BA4	0x0040C80A  MOVZ	R25, R2, R0
;easypicfusion_v7_P32MX795F512L.c, 343 :: 		_log_write( &line );
0x9D000BA8	0x27A20015  ADDIU	R2, SP, 21
0x9D000BAC	0x0F400174  JAL	easypicfusion_v7_P32MX795F512L__log_write+0
0x9D000BB0	0x0040C80A  MOVZ	R25, R2, R0
0x9D000BB4	0x8FB9000C  LW	R25, 12(SP)
;easypicfusion_v7_P32MX795F512L.c, 344 :: 		break;
0x9D000BB8	0x0B4002FF  J	L_mikrobus_logWrite43
0x9D000BBC	0x93BA0008  LBU	R26, 8(SP)
;easypicfusion_v7_P32MX795F512L.c, 345 :: 		default :
L_mikrobus_logWrite51:
;easypicfusion_v7_P32MX795F512L.c, 346 :: 		return _MIKROBUS_ERR_LOG;
0x9D000BC0	0x0B400300  J	L_end_mikrobus_logWrite
0x9D000BC4	0x34020006  ORI	R2, R0, 6
;easypicfusion_v7_P32MX795F512L.c, 347 :: 		}
L_mikrobus_logWrite42:
; ptr start address is: 16 (R4)
0x9D000BC8	0x334200FF  ANDI	R2, R26, 255
0x9D000BCC	0x1040FFCD  BEQ	R2, R0, L_mikrobus_logWrite44
0x9D000BD0	0x70000000  NOP	
L__mikrobus_logWrite175:
0x9D000BD4	0x334300FF  ANDI	R3, R26, 255
0x9D000BD8	0x34020001  ORI	R2, R0, 1
0x9D000BDC	0x1062FFCD  BEQ	R3, R2, L_mikrobus_logWrite45
0x9D000BE0	0x70000000  NOP	
L__mikrobus_logWrite177:
0x9D000BE4	0x334300FF  ANDI	R3, R26, 255
0x9D000BE8	0x34020002  ORI	R2, R0, 2
0x9D000BEC	0x1062FFDA  BEQ	R3, R2, L_mikrobus_logWrite48
0x9D000BF0	0x70000000  NOP	
L__mikrobus_logWrite179:
; ptr end address is: 16 (R4)
0x9D000BF4	0x0B4002F0  J	L_mikrobus_logWrite51
0x9D000BF8	0x70000000  NOP	
L_mikrobus_logWrite43:
;easypicfusion_v7_P32MX795F512L.c, 348 :: 		return 0;
0x9D000BFC	0x0000100A  MOVZ	R2, R0, R0
;easypicfusion_v7_P32MX795F512L.c, 349 :: 		}
;easypicfusion_v7_P32MX795F512L.c, 348 :: 		return 0;
;easypicfusion_v7_P32MX795F512L.c, 349 :: 		}
L_end_mikrobus_logWrite:
0x9D000C00	0x8FB90004  LW	R25, 4(SP)
0x9D000C04	0x8FBF0000  LW	RA, 0(SP)
0x9D000C08	0x03E00008  JR	RA
0x9D000C0C	0x27BD0018  ADDIU	SP, SP, 24
; end of _mikrobus_logWrite
easypicfusion_v7_P32MX795F512L__log_write:
;__epf_32mx795f512l_log.c, 17 :: 		static T_mikrobus_ret _log_write(uint8_t *data_)
0x9D0005D0	0x27BDFFF8  ADDIU	SP, SP, -8
0x9D0005D4	0xAFBF0000  SW	RA, 0(SP)
;__epf_32mx795f512l_log.c, 19 :: 		logger( *data_ );
0x9D0005D8	0xAFB90004  SW	R25, 4(SP)
0x9D0005DC	0x93390000  LBU	R25, 0(R25)
0x9D0005E0	0x8C3E8044  LW	R30, Offset(_logger+0)(GP)
0x9D0005E4	0x03C0F809  JALR	RA, R30
0x9D0005E8	0x70000000  NOP	
;__epf_32mx795f512l_log.c, 20 :: 		return 0;
0x9D0005EC	0x0000100A  MOVZ	R2, R0, R0
;__epf_32mx795f512l_log.c, 21 :: 		}
;__epf_32mx795f512l_log.c, 20 :: 		return 0;
;__epf_32mx795f512l_log.c, 21 :: 		}
L_end__log_write:
0x9D0005F0	0x8FB90004  LW	R25, 4(SP)
0x9D0005F4	0x8FBF0000  LW	RA, 0(SP)
0x9D0005F8	0x03E00008  JR	RA
0x9D0005FC	0x27BD0008  ADDIU	SP, SP, 8
; end of easypicfusion_v7_P32MX795F512L__log_write
_UART1_Write:
;__Lib_UART_123456.c, 40 :: 		
0x9D0000D0	0x27BDFFFC  ADDIU	SP, SP, -4
;__Lib_UART_123456.c, 43 :: 		
L_UART1_Write3:
0x9D0000D4	0x3C1EBF80  LUI	R30, 49024
0x9D0000D8	0x93C26011  LBU	R2, 24593(R30)
0x9D0000DC	0x7C420000  EXT	R2, R2, 0, 1
0x9D0000E0	0x14400003  BNE	R2, R0, L_UART1_Write4
0x9D0000E4	0x70000000  NOP	
L__UART1_Write152:
0x9D0000E8	0x0B400035  J	L_UART1_Write3
0x9D0000EC	0x70000000  NOP	
L_UART1_Write4:
;__Lib_UART_123456.c, 44 :: 		
0x9D0000F0	0x3322FFFF  ANDI	R2, R25, 65535
0x9D0000F4	0x3C1EBF80  LUI	R30, 49024
0x9D0000F8	0xAFC26020  SW	R2, 24608(R30)
;__Lib_UART_123456.c, 45 :: 		
L_end_UART1_Write:
0x9D0000FC	0x03E00008  JR	RA
0x9D000100	0x27BD0004  ADDIU	SP, SP, 4
; end of _UART1_Write
_UART2_Write:
;__Lib_UART_123456.c, 154 :: 		
0x9D00009C	0x27BDFFFC  ADDIU	SP, SP, -4
;__Lib_UART_123456.c, 157 :: 		
L_UART2_Write22:
0x9D0000A0	0x3C1EBF80  LUI	R30, 49024
0x9D0000A4	0x93C26811  LBU	R2, 26641(R30)
0x9D0000A8	0x7C420000  EXT	R2, R2, 0, 1
0x9D0000AC	0x14400003  BNE	R2, R0, L_UART2_Write23
0x9D0000B0	0x70000000  NOP	
L__UART2_Write175:
0x9D0000B4	0x0B400028  J	L_UART2_Write22
0x9D0000B8	0x70000000  NOP	
L_UART2_Write23:
;__Lib_UART_123456.c, 158 :: 		
0x9D0000BC	0x3322FFFF  ANDI	R2, R25, 65535
0x9D0000C0	0x3C1EBF80  LUI	R30, 49024
0x9D0000C4	0xAFC26820  SW	R2, 26656(R30)
;__Lib_UART_123456.c, 159 :: 		
L_end_UART2_Write:
0x9D0000C8	0x03E00008  JR	RA
0x9D0000CC	0x27BD0004  ADDIU	SP, SP, 4
; end of _UART2_Write
_UART3_Write:
;__Lib_UART_123456.c, 268 :: 		
0x9D0002D4	0x27BDFFFC  ADDIU	SP, SP, -4
;__Lib_UART_123456.c, 271 :: 		
L_UART3_Write41:
0x9D0002D8	0x3C1EBF80  LUI	R30, 49024
0x9D0002DC	0x93C26411  LBU	R2, 25617(R30)
0x9D0002E0	0x7C420000  EXT	R2, R2, 0, 1
0x9D0002E4	0x14400003  BNE	R2, R0, L_UART3_Write42
0x9D0002E8	0x70000000  NOP	
L__UART3_Write198:
0x9D0002EC	0x0B4000B6  J	L_UART3_Write41
0x9D0002F0	0x70000000  NOP	
L_UART3_Write42:
;__Lib_UART_123456.c, 272 :: 		
0x9D0002F4	0x3322FFFF  ANDI	R2, R25, 65535
0x9D0002F8	0x3C1EBF80  LUI	R30, 49024
0x9D0002FC	0xAFC26420  SW	R2, 25632(R30)
;__Lib_UART_123456.c, 273 :: 		
L_end_UART3_Write:
0x9D000300	0x03E00008  JR	RA
0x9D000304	0x27BD0004  ADDIU	SP, SP, 4
; end of _UART3_Write
_UART4_Write:
;__Lib_UART_123456.c, 381 :: 		
0x9D000308	0x27BDFFFC  ADDIU	SP, SP, -4
;__Lib_UART_123456.c, 384 :: 		
L_UART4_Write60:
0x9D00030C	0x3C1EBF80  LUI	R30, 49024
0x9D000310	0x93C26211  LBU	R2, 25105(R30)
0x9D000314	0x7C420000  EXT	R2, R2, 0, 1
0x9D000318	0x14400003  BNE	R2, R0, L_UART4_Write61
0x9D00031C	0x70000000  NOP	
L__UART4_Write221:
0x9D000320	0x0B4000C3  J	L_UART4_Write60
0x9D000324	0x70000000  NOP	
L_UART4_Write61:
;__Lib_UART_123456.c, 385 :: 		
0x9D000328	0x3322FFFF  ANDI	R2, R25, 65535
0x9D00032C	0x3C1EBF80  LUI	R30, 49024
0x9D000330	0xAFC26220  SW	R2, 25120(R30)
;__Lib_UART_123456.c, 386 :: 		
L_end_UART4_Write:
0x9D000334	0x03E00008  JR	RA
0x9D000338	0x27BD0004  ADDIU	SP, SP, 4
; end of _UART4_Write
_UART5_Write:
;__Lib_UART_123456.c, 494 :: 		
0x9D0002A0	0x27BDFFFC  ADDIU	SP, SP, -4
;__Lib_UART_123456.c, 497 :: 		
L_UART5_Write79:
0x9D0002A4	0x3C1EBF80  LUI	R30, 49024
0x9D0002A8	0x93C26A11  LBU	R2, 27153(R30)
0x9D0002AC	0x7C420000  EXT	R2, R2, 0, 1
0x9D0002B0	0x14400003  BNE	R2, R0, L_UART5_Write80
0x9D0002B4	0x70000000  NOP	
L__UART5_Write244:
0x9D0002B8	0x0B4000A9  J	L_UART5_Write79
0x9D0002BC	0x70000000  NOP	
L_UART5_Write80:
;__Lib_UART_123456.c, 498 :: 		
0x9D0002C0	0x3322FFFF  ANDI	R2, R25, 65535
0x9D0002C4	0x3C1EBF80  LUI	R30, 49024
0x9D0002C8	0xAFC26A20  SW	R2, 27168(R30)
;__Lib_UART_123456.c, 499 :: 		
L_end_UART5_Write:
0x9D0002CC	0x03E00008  JR	RA
0x9D0002D0	0x27BD0004  ADDIU	SP, SP, 4
; end of _UART5_Write
_UART6_Write:
;__Lib_UART_123456.c, 607 :: 		
0x9D0001EC	0x27BDFFFC  ADDIU	SP, SP, -4
;__Lib_UART_123456.c, 610 :: 		
L_UART6_Write98:
0x9D0001F0	0x3C1EBF80  LUI	R30, 49024
0x9D0001F4	0x93C26611  LBU	R2, 26129(R30)
0x9D0001F8	0x7C420000  EXT	R2, R2, 0, 1
0x9D0001FC	0x14400003  BNE	R2, R0, L_UART6_Write99
0x9D000200	0x70000000  NOP	
L__UART6_Write267:
0x9D000204	0x0B40007C  J	L_UART6_Write98
0x9D000208	0x70000000  NOP	
L_UART6_Write99:
;__Lib_UART_123456.c, 611 :: 		
0x9D00020C	0x3322FFFF  ANDI	R2, R25, 65535
0x9D000210	0x3C1EBF80  LUI	R30, 49024
0x9D000214	0xAFC26620  SW	R2, 26144(R30)
;__Lib_UART_123456.c, 612 :: 		
L_end_UART6_Write:
0x9D000218	0x03E00008  JR	RA
0x9D00021C	0x27BD0004  ADDIU	SP, SP, 4
; end of _UART6_Write
_Delay_100ms:
;__Lib_Delays.c, 46 :: 		void Delay_100ms() {
;__Lib_Delays.c, 47 :: 		Delay_ms(100);
0x9D0009FC	0x3C180028  LUI	R24, 40
0x9D000A00	0x3718B0AA  ORI	R24, R24, 45226
L_Delay_100ms20:
0x9D000A04	0x2718FFFF  ADDIU	R24, R24, -1
0x9D000A08	0x1700FFFE  BNE	R24, R0, L_Delay_100ms20
0x9D000A0C	0x70000000  NOP	
;__Lib_Delays.c, 48 :: 		}
L_end_Delay_100ms:
0x9D000A10	0x03E00008  JR	RA
0x9D000A14	0x70000000  NOP	
; end of _Delay_100ms
_applicationInit:
;Click_AnalogKey_PIC32.c, 38 :: 		void applicationInit()
0x9D000CD4	0x27BDFFF4  ADDIU	SP, SP, -12
0x9D000CD8	0xAFBF0000  SW	RA, 0(SP)
;Click_AnalogKey_PIC32.c, 41 :: 		analogkey_gpioDriverInit( (T_ANALOGKEY_P)&_MIKROBUS1_GPIO );
0x9D000CDC	0xAFB90004  SW	R25, 4(SP)
0x9D000CE0	0xAFBA0008  SW	R26, 8(SP)
0x9D000CE4	0x3C199D00  LUI	R25, hi_addr(__MIKROBUS1_GPIO+0)
0x9D000CE8	0x0F4002B1  JAL	_analogkey_gpioDriverInit+0
0x9D000CEC	0x37390E6C  ORI	R25, R25, lo_addr(__MIKROBUS1_GPIO+0)
;Click_AnalogKey_PIC32.c, 42 :: 		analogkey_setResolution(_ANALOGKEY_ADC_RESOLUTION_10bit);
0x9D000CF0	0x0F400304  JAL	_analogkey_setResolution+0
0x9D000CF4	0x34190001  ORI	R25, R0, 1
;Click_AnalogKey_PIC32.c, 44 :: 		analogkey_adcSetInputChannel();
0x9D000CF8	0x0F40018B  JAL	_analogkey_adcSetInputChannel+0
0x9D000CFC	0x70000000  NOP	
;Click_AnalogKey_PIC32.c, 45 :: 		analogkey_adcInit();
0x9D000D00	0x0F40018D  JAL	_analogkey_adcInit+0
0x9D000D04	0x70000000  NOP	
;Click_AnalogKey_PIC32.c, 46 :: 		Delay_100ms();
0x9D000D08	0x0F40027F  JAL	_Delay_100ms+0
0x9D000D0C	0x70000000  NOP	
;Click_AnalogKey_PIC32.c, 48 :: 		mikrobus_logWrite("Press the button :D", _LOG_LINE);
0x9D000D10	0x341A0002  ORI	R26, R0, 2
0x9D000D14	0x3C19A000  LUI	R25, hi_addr(?lstr2_Click_AnalogKey_PIC32+0)
0x9D000D18	0x0F4002B8  JAL	_mikrobus_logWrite+0
0x9D000D1C	0x37390018  ORI	R25, R25, lo_addr(?lstr2_Click_AnalogKey_PIC32+0)
;Click_AnalogKey_PIC32.c, 49 :: 		}
L_end_applicationInit:
0x9D000D20	0x8FBA0008  LW	R26, 8(SP)
0x9D000D24	0x8FB90004  LW	R25, 4(SP)
0x9D000D28	0x8FBF0000  LW	RA, 0(SP)
0x9D000D2C	0x03E00008  JR	RA
0x9D000D30	0x27BD000C  ADDIU	SP, SP, 12
; end of _applicationInit
_analogkey_gpioDriverInit:
;__analogkey_Driver.c, 78 :: 		void analogkey_gpioDriverInit(T_ANALOGKEY_P gpioObj)
0x9D000AC4	0x27BDFFFC  ADDIU	SP, SP, -4
0x9D000AC8	0xAFBF0000  SW	RA, 0(SP)
;__analogkey_Driver.c, 80 :: 		hal_gpioMap( (T_HAL_P)gpioObj );
0x9D000ACC	0x0F400109  JAL	__analogkey_Driver_hal_gpioMap+0
0x9D000AD0	0x70000000  NOP	
;__analogkey_Driver.c, 81 :: 		}
L_end_analogkey_gpioDriverInit:
0x9D000AD4	0x8FBF0000  LW	RA, 0(SP)
0x9D000AD8	0x03E00008  JR	RA
0x9D000ADC	0x27BD0004  ADDIU	SP, SP, 4
; end of _analogkey_gpioDriverInit
__analogkey_Driver_hal_gpioMap:
;__analogkey_hal.c, 321 :: 		static void hal_gpioMap(T_HAL_P gpioObj)
;__analogkey_hal.c, 397 :: 		}
L_end_hal_gpioMap:
0x9D000424	0x03E00008  JR	RA
0x9D000428	0x70000000  NOP	
; end of __analogkey_Driver_hal_gpioMap
_analogkey_setResolution:
;__analogkey_Driver.c, 114 :: 		void analogkey_setResolution(uint8_t resolution)
;__analogkey_Driver.c, 116 :: 		if(resolution == _ANALOGKEY_ADC_RESOLUTION_10bit)
0x9D000C10	0x332300FF  ANDI	R3, R25, 255
0x9D000C14	0x34020001  ORI	R2, R0, 1
0x9D000C18	0x14620006  BNE	R3, R2, L_analogkey_setResolution23
0x9D000C1C	0x70000000  NOP	
L__analogkey_setResolution59:
;__analogkey_Driver.c, 118 :: 		_maxADC = 1023;
0x9D000C20	0x340203FF  ORI	R2, R0, 1023
0x9D000C24	0xA4228000  SH	R2, Offset(__analogkey_Driver__maxADC+0)(GP)
;__analogkey_Driver.c, 119 :: 		_prec = 51;
0x9D000C28	0x34020033  ORI	R2, R0, 51
;__analogkey_Driver.c, 120 :: 		}
0x9D000C2C	0x0B400311  J	L_analogkey_setResolution24
0x9D000C30	0xA0228040  SB	R2, Offset(__analogkey_Driver__prec+0)(GP)
L_analogkey_setResolution23:
;__analogkey_Driver.c, 123 :: 		_maxADC = 4095;
0x9D000C34	0x34020FFF  ORI	R2, R0, 4095
0x9D000C38	0xA4228000  SH	R2, Offset(__analogkey_Driver__maxADC+0)(GP)
;__analogkey_Driver.c, 124 :: 		_prec = 205;
0x9D000C3C	0x340200CD  ORI	R2, R0, 205
0x9D000C40	0xA0228040  SB	R2, Offset(__analogkey_Driver__prec+0)(GP)
;__analogkey_Driver.c, 125 :: 		}
L_analogkey_setResolution24:
;__analogkey_Driver.c, 126 :: 		}
L_end_analogkey_setResolution:
0x9D000C44	0x03E00008  JR	RA
0x9D000C48	0x70000000  NOP	
; end of _analogkey_setResolution
_analogkey_adcSetInputChannel:
;click_analogkey_adc.h, 9 :: 		void analogkey_adcSetInputChannel()
;click_analogkey_adc.h, 12 :: 		}
L_end_analogkey_adcSetInputChannel:
0x9D00062C	0x03E00008  JR	RA
0x9D000630	0x70000000  NOP	
; end of _analogkey_adcSetInputChannel
_analogkey_adcInit:
;click_analogkey_adc.h, 4 :: 		void analogkey_adcInit()
0x9D000634	0x27BDFFFC  ADDIU	SP, SP, -4
0x9D000638	0xAFBF0000  SW	RA, 0(SP)
;click_analogkey_adc.h, 6 :: 		ADC1_Init();
0x9D00063C	0x0F40014A  JAL	_ADC1_Init+0
0x9D000640	0x70000000  NOP	
;click_analogkey_adc.h, 7 :: 		}
L_end_analogkey_adcInit:
0x9D000644	0x8FBF0000  LW	RA, 0(SP)
0x9D000648	0x03E00008  JR	RA
0x9D00064C	0x27BD0004  ADDIU	SP, SP, 4
; end of _analogkey_adcInit
_ADC1_Init:
;__Lib_ADC.c, 10 :: 		
0x9D000528	0x27BDFFFC  ADDIU	SP, SP, -4
;__Lib_ADC.c, 11 :: 		
0x9D00052C	0x3C029D00  LUI	R2, hi_addr(_ADC1_Get_Sample+0)
0x9D000530	0x34420220  ORI	R2, R2, lo_addr(_ADC1_Get_Sample+0)
0x9D000534	0xAC228054  SW	R2, Offset(_ADC_Get_Sample_Ptr+0)(GP)
;__Lib_ADC.c, 13 :: 		
0x9D000538	0x340200E0  ORI	R2, R0, 224
0x9D00053C	0x3C1EBF81  LUI	R30, 49025
0x9D000540	0xAFC29000  SW	R2, -28672(R30)
;__Lib_ADC.c, 14 :: 		
0x9D000544	0x70000000  NOP	
;__Lib_ADC.c, 15 :: 		
0x9D000548	0x3C1EBF81  LUI	R30, 49025
0x9D00054C	0xAFC09010  SW	R0, -28656(R30)
;__Lib_ADC.c, 17 :: 		
0x9D000550	0x34021FFF  ORI	R2, R0, 8191
0x9D000554	0x3C1EBF81  LUI	R30, 49025
0x9D000558	0xAFC29020  SW	R2, -28640(R30)
;__Lib_ADC.c, 18 :: 		
0x9D00055C	0x3C1EBF81  LUI	R30, 49025
0x9D000560	0xAFC09050  SW	R0, -28592(R30)
;__Lib_ADC.c, 19 :: 		
0x9D000564	0x34028000  ORI	R2, R0, 32768
0x9D000568	0x3C1EBF81  LUI	R30, 49025
0x9D00056C	0xAFC29008  SW	R2, -28664(R30)
;__Lib_ADC.c, 20 :: 		
L_end_ADC1_Init:
0x9D000570	0x03E00008  JR	RA
0x9D000574	0x27BD0004  ADDIU	SP, SP, 4
; end of _ADC1_Init
_applicationTask:
;Click_AnalogKey_PIC32.c, 51 :: 		void applicationTask()
0x9D000D34	0x27BDFFC0  ADDIU	SP, SP, -64
0x9D000D38	0xAFBF0000  SW	RA, 0(SP)
;Click_AnalogKey_PIC32.c, 57 :: 		uint16_t sumValue = 0;
0x9D000D3C	0xAFB90004  SW	R25, 4(SP)
0x9D000D40	0xAFBA0008  SW	R26, 8(SP)
; sumValue start address is: 16 (R4)
0x9D000D44	0x0000200A  MOVZ	R4, R0, R0
;Click_AnalogKey_PIC32.c, 59 :: 		for(cnt = 0; cnt < 5; cnt++)
; cnt start address is: 20 (R5)
0x9D000D48	0x0000280A  MOVZ	R5, R0, R0
; sumValue end address is: 16 (R4)
; cnt end address is: 20 (R5)
L_applicationTask0:
; cnt start address is: 20 (R5)
; sumValue start address is: 16 (R4)
0x9D000D4C	0x30A200FF  ANDI	R2, R5, 255
0x9D000D50	0x2C420005  SLTIU	R2, R2, 5
0x9D000D54	0x10400009  BEQ	R2, R0, L_applicationTask1
0x9D000D58	0x70000000  NOP	
L__applicationTask14:
;Click_AnalogKey_PIC32.c, 61 :: 		ADC_value = analogkey_adcRead();
0x9D000D5C	0x0F400194  JAL	_analogkey_adcRead+0
0x9D000D60	0x70000000  NOP	
;Click_AnalogKey_PIC32.c, 62 :: 		sumValue += ADC_value;
0x9D000D64	0x00821021  ADDU	R2, R4, R2
;Click_AnalogKey_PIC32.c, 63 :: 		Delay_10ms();
0x9D000D68	0x0F400278  JAL	_Delay_10ms+0
0x9D000D6C	0x3044FFFF  ANDI	R4, R2, 65535
;Click_AnalogKey_PIC32.c, 59 :: 		for(cnt = 0; cnt < 5; cnt++)
0x9D000D70	0x24A20001  ADDIU	R2, R5, 1
;Click_AnalogKey_PIC32.c, 64 :: 		}
; cnt end address is: 20 (R5)
0x9D000D74	0x0B400353  J	L_applicationTask0
0x9D000D78	0x304500FF  ANDI	R5, R2, 255
L_applicationTask1:
;Click_AnalogKey_PIC32.c, 65 :: 		ADC_value = sumValue / 5;
0x9D000D7C	0x3083FFFF  ANDI	R3, R4, 65535
; sumValue end address is: 16 (R4)
0x9D000D80	0x34020005  ORI	R2, R0, 5
0x9D000D84	0x0062001B  DIVU	R3, R2
0x9D000D88	0x00001012  MFLO	R2
;Click_AnalogKey_PIC32.c, 66 :: 		isKey = analogkey_getKey(ADC_value);
0x9D000D8C	0x0F4001D7  JAL	_analogkey_getKey+0
0x9D000D90	0x3059FFFF  ANDI	R25, R2, 65535
; isKey start address is: 16 (R4)
0x9D000D94	0x304400FF  ANDI	R4, R2, 255
;Click_AnalogKey_PIC32.c, 68 :: 		if(isKey != _ANALOGKEY_NO_TOUCH)
0x9D000D98	0x304300FF  ANDI	R3, R2, 255
0x9D000D9C	0x34020000  ORI	R2, R0, 0
0x9D000DA0	0x1062000D  BEQ	R3, R2, L_applicationTask3
0x9D000DA4	0x70000000  NOP	
L__applicationTask16:
;Click_AnalogKey_PIC32.c, 70 :: 		IntToStr(isKey, demoText);
0x9D000DA8	0x27A2000C  ADDIU	R2, SP, 12
0x9D000DAC	0x0040D00A  MOVZ	R26, R2, R0
; isKey end address is: 16 (R4)
0x9D000DB0	0x0F40019E  JAL	_IntToStr+0
0x9D000DB4	0x309900FF  ANDI	R25, R4, 255
;Click_AnalogKey_PIC32.c, 71 :: 		mikrobus_logWrite("Pressed the button : ", _LOG_TEXT);
0x9D000DB8	0x341A0001  ORI	R26, R0, 1
0x9D000DBC	0x3C19A000  LUI	R25, hi_addr(?lstr3_Click_AnalogKey_PIC32+0)
0x9D000DC0	0x0F4002B8  JAL	_mikrobus_logWrite+0
0x9D000DC4	0x37390002  ORI	R25, R25, lo_addr(?lstr3_Click_AnalogKey_PIC32+0)
;Click_AnalogKey_PIC32.c, 72 :: 		mikrobus_logWrite(demoText, _LOG_LINE);
0x9D000DC8	0x27A2000C  ADDIU	R2, SP, 12
0x9D000DCC	0x341A0002  ORI	R26, R0, 2
0x9D000DD0	0x0F4002B8  JAL	_mikrobus_logWrite+0
0x9D000DD4	0x0040C80A  MOVZ	R25, R2, R0
;Click_AnalogKey_PIC32.c, 73 :: 		}
L_applicationTask3:
;Click_AnalogKey_PIC32.c, 74 :: 		Delay_ms( 300 );
0x9D000DD8	0x3C18007A  LUI	R24, 122
0x9D000DDC	0x371811FF  ORI	R24, R24, 4607
L_applicationTask4:
0x9D000DE0	0x2718FFFF  ADDIU	R24, R24, -1
0x9D000DE4	0x1700FFFE  BNE	R24, R0, L_applicationTask4
0x9D000DE8	0x70000000  NOP	
0x9D000DEC	0x70000000  NOP	
;Click_AnalogKey_PIC32.c, 75 :: 		}
L_end_applicationTask:
0x9D000DF0	0x8FBA0008  LW	R26, 8(SP)
0x9D000DF4	0x8FB90004  LW	R25, 4(SP)
0x9D000DF8	0x8FBF0000  LW	RA, 0(SP)
0x9D000DFC	0x03E00008  JR	RA
0x9D000E00	0x27BD0040  ADDIU	SP, SP, 64
; end of _applicationTask
_analogkey_adcRead:
;click_analogkey_adc.h, 14 :: 		uint32_t analogkey_adcRead()
0x9D000650	0x27BDFFF8  ADDIU	SP, SP, -8
0x9D000654	0xAFBF0000  SW	RA, 0(SP)
;click_analogkey_adc.h, 18 :: 		adcData = ADC1_Read(8);
0x9D000658	0xAFB90004  SW	R25, 4(SP)
0x9D00065C	0x0F40013E  JAL	_ADC1_Read+0
0x9D000660	0x34190008  ORI	R25, R0, 8
; adcData start address is: 8 (R2)
0x9D000664	0x3042FFFF  ANDI	R2, R2, 65535
;click_analogkey_adc.h, 19 :: 		return adcData;
; adcData end address is: 8 (R2)
;click_analogkey_adc.h, 20 :: 		}
;click_analogkey_adc.h, 19 :: 		return adcData;
;click_analogkey_adc.h, 20 :: 		}
L_end_analogkey_adcRead:
0x9D000668	0x8FB90004  LW	R25, 4(SP)
0x9D00066C	0x8FBF0000  LW	RA, 0(SP)
0x9D000670	0x03E00008  JR	RA
0x9D000674	0x27BD0008  ADDIU	SP, SP, 8
; end of _analogkey_adcRead
_ADC1_Read:
;__Lib_ADC.c, 47 :: 		
0x9D0004F8	0x27BDFFFC  ADDIU	SP, SP, -4
0x9D0004FC	0xAFBF0000  SW	RA, 0(SP)
;__Lib_ADC.c, 49 :: 		
0x9D000500	0x0F40014A  JAL	_ADC1_Init+0
0x9D000504	0x70000000  NOP	
;__Lib_ADC.c, 50 :: 		
0x9D000508	0x0F400088  JAL	_ADC1_Get_Sample+0
0x9D00050C	0x70000000  NOP	
;__Lib_ADC.c, 51 :: 		
0x9D000510	0x34038000  ORI	R3, R0, 32768
0x9D000514	0x3C1EBF81  LUI	R30, 49025
0x9D000518	0xAFC39004  SW	R3, -28668(R30)
;__Lib_ADC.c, 52 :: 		
;__Lib_ADC.c, 53 :: 		
L_end_ADC1_Read:
0x9D00051C	0x8FBF0000  LW	RA, 0(SP)
0x9D000520	0x03E00008  JR	RA
0x9D000524	0x27BD0004  ADDIU	SP, SP, 4
; end of _ADC1_Read
_ADC1_Get_Sample:
;__Lib_ADC.c, 34 :: 		
0x9D000220	0x27BDFFFC  ADDIU	SP, SP, -4
;__Lib_ADC.c, 36 :: 		
0x9D000224	0x3323FFFF  ANDI	R3, R25, 65535
0x9D000228	0x34020001  ORI	R2, R0, 1
0x9D00022C	0x00621004  SLLV	R2, R2, R3
0x9D000230	0x00401027  NOR	R2, R2, R0
0x9D000234	0x7C021E20  SEH	R3, R2
0x9D000238	0x3C1EBF81  LUI	R30, 49025
0x9D00023C	0x8FC29060  LW	R2, -28576(R30)
0x9D000240	0x00431024  AND	R2, R2, R3
0x9D000244	0x3C1EBF81  LUI	R30, 49025
0x9D000248	0xAFC29060  SW	R2, -28576(R30)
;__Lib_ADC.c, 37 :: 		
0x9D00024C	0x3322FFFF  ANDI	R2, R25, 65535
0x9D000250	0x00021400  SLL	R2, R2, 16
0x9D000254	0x3C1EBF81  LUI	R30, 49025
0x9D000258	0xAFC29040  SW	R2, -28608(R30)
;__Lib_ADC.c, 39 :: 		
0x9D00025C	0x34020002  ORI	R2, R0, 2
0x9D000260	0x3C1EBF81  LUI	R30, 49025
0x9D000264	0xAFC29008  SW	R2, -28664(R30)
;__Lib_ADC.c, 40 :: 		
L_ADC1_Get_Sample0:
0x9D000268	0x3C1EBF81  LUI	R30, 49025
0x9D00026C	0x93C29000  LBU	R2, -28672(R30)
0x9D000270	0x7C420000  EXT	R2, R2, 0, 1
0x9D000274	0x14400003  BNE	R2, R0, L_ADC1_Get_Sample1
0x9D000278	0x70000000  NOP	
L__ADC1_Get_Sample5:
;__Lib_ADC.c, 41 :: 		
0x9D00027C	0x0B40009A  J	L_ADC1_Get_Sample0
0x9D000280	0x70000000  NOP	
L_ADC1_Get_Sample1:
;__Lib_ADC.c, 42 :: 		
0x9D000284	0x34020001  ORI	R2, R0, 1
0x9D000288	0x3C1EBF81  LUI	R30, 49025
0x9D00028C	0xAFC29004  SW	R2, -28668(R30)
;__Lib_ADC.c, 44 :: 		
0x9D000290	0x3C1EBF81  LUI	R30, 49025
0x9D000294	0x8FC29070  LW	R2, -28560(R30)
;__Lib_ADC.c, 45 :: 		
L_end_ADC1_Get_Sample:
0x9D000298	0x03E00008  JR	RA
0x9D00029C	0x27BD0004  ADDIU	SP, SP, 4
; end of _ADC1_Get_Sample
_Delay_10ms:
;__Lib_Delays.c, 50 :: 		void Delay_10ms() {
;__Lib_Delays.c, 51 :: 		Delay_ms(10);
0x9D0009E0	0x3C180004  LUI	R24, 4
0x9D0009E4	0x371811AA  ORI	R24, R24, 4522
L_Delay_10ms22:
0x9D0009E8	0x2718FFFF  ADDIU	R24, R24, -1
0x9D0009EC	0x1700FFFE  BNE	R24, R0, L_Delay_10ms22
0x9D0009F0	0x70000000  NOP	
;__Lib_Delays.c, 52 :: 		}
L_end_Delay_10ms:
0x9D0009F4	0x03E00008  JR	RA
0x9D0009F8	0x70000000  NOP	
; end of _Delay_10ms
_analogkey_getKey:
;__analogkey_Driver.c, 85 :: 		uint8_t analogkey_getKey(uint16_t adcValue)
;__analogkey_Driver.c, 87 :: 		if(adcValue >= (_maxADC/6 - _prec) && adcValue <= (_maxADC/6 + _prec))
0x9D00075C	0x94238000  LHU	R3, Offset(__analogkey_Driver__maxADC+0)(GP)
0x9D000760	0x34020006  ORI	R2, R0, 6
0x9D000764	0x0062001B  DIVU	R3, R2
0x9D000768	0x00001812  MFLO	R3
0x9D00076C	0x90228040  LBU	R2, Offset(__analogkey_Driver__prec+0)(GP)
0x9D000770	0x00621023  SUBU	R2, R3, R2
0x9D000774	0x3323FFFF  ANDI	R3, R25, 65535
0x9D000778	0x3042FFFF  ANDI	R2, R2, 65535
0x9D00077C	0x0062102B  SLTU	R2, R3, R2
0x9D000780	0x1440000E  BNE	R2, R0, L__analogkey_getKey32
0x9D000784	0x70000000  NOP	
L__analogkey_getKey46:
0x9D000788	0x94238000  LHU	R3, Offset(__analogkey_Driver__maxADC+0)(GP)
0x9D00078C	0x34020006  ORI	R2, R0, 6
0x9D000790	0x0062001B  DIVU	R3, R2
0x9D000794	0x00001812  MFLO	R3
0x9D000798	0x90228040  LBU	R2, Offset(__analogkey_Driver__prec+0)(GP)
0x9D00079C	0x00621021  ADDU	R2, R3, R2
0x9D0007A0	0x3323FFFF  ANDI	R3, R25, 65535
0x9D0007A4	0x3042FFFF  ANDI	R2, R2, 65535
0x9D0007A8	0x0043102B  SLTU	R2, R2, R3
0x9D0007AC	0x14400003  BNE	R2, R0, L__analogkey_getKey31
0x9D0007B0	0x70000000  NOP	
L__analogkey_getKey47:
L__analogkey_getKey30:
;__analogkey_Driver.c, 89 :: 		return _ANALOGKEY_TOUCH_KEY_6;
0x9D0007B4	0x0B400276  J	L_end_analogkey_getKey
0x9D0007B8	0x34020006  ORI	R2, R0, 6
;__analogkey_Driver.c, 87 :: 		if(adcValue >= (_maxADC/6 - _prec) && adcValue <= (_maxADC/6 + _prec))
L__analogkey_getKey32:
L__analogkey_getKey31:
;__analogkey_Driver.c, 91 :: 		else if(adcValue >= (_maxADC/6 * 2 - _prec) && adcValue <= (_maxADC/6 * 2 + _prec))
0x9D0007BC	0x94238000  LHU	R3, Offset(__analogkey_Driver__maxADC+0)(GP)
0x9D0007C0	0x34020006  ORI	R2, R0, 6
0x9D0007C4	0x0062001B  DIVU	R3, R2
0x9D0007C8	0x00001012  MFLO	R2
0x9D0007CC	0x3042FFFF  ANDI	R2, R2, 65535
0x9D0007D0	0x00021840  SLL	R3, R2, 1
0x9D0007D4	0x90228040  LBU	R2, Offset(__analogkey_Driver__prec+0)(GP)
0x9D0007D8	0x00621023  SUBU	R2, R3, R2
0x9D0007DC	0x3323FFFF  ANDI	R3, R25, 65535
0x9D0007E0	0x3042FFFF  ANDI	R2, R2, 65535
0x9D0007E4	0x0062102B  SLTU	R2, R3, R2
0x9D0007E8	0x14400010  BNE	R2, R0, L__analogkey_getKey34
0x9D0007EC	0x70000000  NOP	
L__analogkey_getKey48:
0x9D0007F0	0x94238000  LHU	R3, Offset(__analogkey_Driver__maxADC+0)(GP)
0x9D0007F4	0x34020006  ORI	R2, R0, 6
0x9D0007F8	0x0062001B  DIVU	R3, R2
0x9D0007FC	0x00001012  MFLO	R2
0x9D000800	0x3042FFFF  ANDI	R2, R2, 65535
0x9D000804	0x00021840  SLL	R3, R2, 1
0x9D000808	0x90228040  LBU	R2, Offset(__analogkey_Driver__prec+0)(GP)
0x9D00080C	0x00621021  ADDU	R2, R3, R2
0x9D000810	0x3323FFFF  ANDI	R3, R25, 65535
0x9D000814	0x3042FFFF  ANDI	R2, R2, 65535
0x9D000818	0x0043102B  SLTU	R2, R2, R3
0x9D00081C	0x14400003  BNE	R2, R0, L__analogkey_getKey33
0x9D000820	0x70000000  NOP	
L__analogkey_getKey49:
L__analogkey_getKey29:
;__analogkey_Driver.c, 93 :: 		return _ANALOGKEY_TOUCH_KEY_5;
0x9D000824	0x0B400276  J	L_end_analogkey_getKey
0x9D000828	0x34020005  ORI	R2, R0, 5
;__analogkey_Driver.c, 91 :: 		else if(adcValue >= (_maxADC/6 * 2 - _prec) && adcValue <= (_maxADC/6 * 2 + _prec))
L__analogkey_getKey34:
L__analogkey_getKey33:
;__analogkey_Driver.c, 95 :: 		else if(adcValue >= (_maxADC/6 * 3 - _prec) && adcValue <= (_maxADC/6 * 3 + _prec))
0x9D00082C	0x94238000  LHU	R3, Offset(__analogkey_Driver__maxADC+0)(GP)
0x9D000830	0x34020006  ORI	R2, R0, 6
0x9D000834	0x0062001B  DIVU	R3, R2
0x9D000838	0x00001812  MFLO	R3
0x9D00083C	0x34020003  ORI	R2, R0, 3
0x9D000840	0x00620019  MULTU	R3, R2
0x9D000844	0x00001812  MFLO	R3
0x9D000848	0x90228040  LBU	R2, Offset(__analogkey_Driver__prec+0)(GP)
0x9D00084C	0x00621023  SUBU	R2, R3, R2
0x9D000850	0x3323FFFF  ANDI	R3, R25, 65535
0x9D000854	0x3042FFFF  ANDI	R2, R2, 65535
0x9D000858	0x0062102B  SLTU	R2, R3, R2
0x9D00085C	0x14400011  BNE	R2, R0, L__analogkey_getKey36
0x9D000860	0x70000000  NOP	
L__analogkey_getKey50:
0x9D000864	0x94238000  LHU	R3, Offset(__analogkey_Driver__maxADC+0)(GP)
0x9D000868	0x34020006  ORI	R2, R0, 6
0x9D00086C	0x0062001B  DIVU	R3, R2
0x9D000870	0x00001812  MFLO	R3
0x9D000874	0x34020003  ORI	R2, R0, 3
0x9D000878	0x00620019  MULTU	R3, R2
0x9D00087C	0x00001812  MFLO	R3
0x9D000880	0x90228040  LBU	R2, Offset(__analogkey_Driver__prec+0)(GP)
0x9D000884	0x00621021  ADDU	R2, R3, R2
0x9D000888	0x3323FFFF  ANDI	R3, R25, 65535
0x9D00088C	0x3042FFFF  ANDI	R2, R2, 65535
0x9D000890	0x0043102B  SLTU	R2, R2, R3
0x9D000894	0x14400003  BNE	R2, R0, L__analogkey_getKey35
0x9D000898	0x70000000  NOP	
L__analogkey_getKey51:
L__analogkey_getKey28:
;__analogkey_Driver.c, 97 :: 		return _ANALOGKEY_TOUCH_KEY_4;
0x9D00089C	0x0B400276  J	L_end_analogkey_getKey
0x9D0008A0	0x34020004  ORI	R2, R0, 4
;__analogkey_Driver.c, 95 :: 		else if(adcValue >= (_maxADC/6 * 3 - _prec) && adcValue <= (_maxADC/6 * 3 + _prec))
L__analogkey_getKey36:
L__analogkey_getKey35:
;__analogkey_Driver.c, 99 :: 		else if(adcValue >= (_maxADC/6 * 4 - _prec) && adcValue <= (_maxADC/6 * 4 + _prec))
0x9D0008A4	0x94238000  LHU	R3, Offset(__analogkey_Driver__maxADC+0)(GP)
0x9D0008A8	0x34020006  ORI	R2, R0, 6
0x9D0008AC	0x0062001B  DIVU	R3, R2
0x9D0008B0	0x00001012  MFLO	R2
0x9D0008B4	0x3042FFFF  ANDI	R2, R2, 65535
0x9D0008B8	0x00021880  SLL	R3, R2, 2
0x9D0008BC	0x90228040  LBU	R2, Offset(__analogkey_Driver__prec+0)(GP)
0x9D0008C0	0x00621023  SUBU	R2, R3, R2
0x9D0008C4	0x3323FFFF  ANDI	R3, R25, 65535
0x9D0008C8	0x3042FFFF  ANDI	R2, R2, 65535
0x9D0008CC	0x0062102B  SLTU	R2, R3, R2
0x9D0008D0	0x14400010  BNE	R2, R0, L__analogkey_getKey38
0x9D0008D4	0x70000000  NOP	
L__analogkey_getKey52:
0x9D0008D8	0x94238000  LHU	R3, Offset(__analogkey_Driver__maxADC+0)(GP)
0x9D0008DC	0x34020006  ORI	R2, R0, 6
0x9D0008E0	0x0062001B  DIVU	R3, R2
0x9D0008E4	0x00001012  MFLO	R2
0x9D0008E8	0x3042FFFF  ANDI	R2, R2, 65535
0x9D0008EC	0x00021880  SLL	R3, R2, 2
0x9D0008F0	0x90228040  LBU	R2, Offset(__analogkey_Driver__prec+0)(GP)
0x9D0008F4	0x00621021  ADDU	R2, R3, R2
0x9D0008F8	0x3323FFFF  ANDI	R3, R25, 65535
0x9D0008FC	0x3042FFFF  ANDI	R2, R2, 65535
0x9D000900	0x0043102B  SLTU	R2, R2, R3
0x9D000904	0x14400003  BNE	R2, R0, L__analogkey_getKey37
0x9D000908	0x70000000  NOP	
L__analogkey_getKey53:
L__analogkey_getKey27:
;__analogkey_Driver.c, 101 :: 		return _ANALOGKEY_TOUCH_KEY_3;
0x9D00090C	0x0B400276  J	L_end_analogkey_getKey
0x9D000910	0x34020003  ORI	R2, R0, 3
;__analogkey_Driver.c, 99 :: 		else if(adcValue >= (_maxADC/6 * 4 - _prec) && adcValue <= (_maxADC/6 * 4 + _prec))
L__analogkey_getKey38:
L__analogkey_getKey37:
;__analogkey_Driver.c, 103 :: 		else if(adcValue >= (_maxADC/6 * 5 - _prec) && adcValue <= (_maxADC/6 * 5 + _prec))
0x9D000914	0x94238000  LHU	R3, Offset(__analogkey_Driver__maxADC+0)(GP)
0x9D000918	0x34020006  ORI	R2, R0, 6
0x9D00091C	0x0062001B  DIVU	R3, R2
0x9D000920	0x00001812  MFLO	R3
0x9D000924	0x34020005  ORI	R2, R0, 5
0x9D000928	0x00620019  MULTU	R3, R2
0x9D00092C	0x00001812  MFLO	R3
0x9D000930	0x90228040  LBU	R2, Offset(__analogkey_Driver__prec+0)(GP)
0x9D000934	0x00621023  SUBU	R2, R3, R2
0x9D000938	0x3323FFFF  ANDI	R3, R25, 65535
0x9D00093C	0x3042FFFF  ANDI	R2, R2, 65535
0x9D000940	0x0062102B  SLTU	R2, R3, R2
0x9D000944	0x14400011  BNE	R2, R0, L__analogkey_getKey40
0x9D000948	0x70000000  NOP	
L__analogkey_getKey54:
0x9D00094C	0x94238000  LHU	R3, Offset(__analogkey_Driver__maxADC+0)(GP)
0x9D000950	0x34020006  ORI	R2, R0, 6
0x9D000954	0x0062001B  DIVU	R3, R2
0x9D000958	0x00001812  MFLO	R3
0x9D00095C	0x34020005  ORI	R2, R0, 5
0x9D000960	0x00620019  MULTU	R3, R2
0x9D000964	0x00001812  MFLO	R3
0x9D000968	0x90228040  LBU	R2, Offset(__analogkey_Driver__prec+0)(GP)
0x9D00096C	0x00621021  ADDU	R2, R3, R2
0x9D000970	0x3323FFFF  ANDI	R3, R25, 65535
0x9D000974	0x3042FFFF  ANDI	R2, R2, 65535
0x9D000978	0x0043102B  SLTU	R2, R2, R3
0x9D00097C	0x14400003  BNE	R2, R0, L__analogkey_getKey39
0x9D000980	0x70000000  NOP	
L__analogkey_getKey55:
L__analogkey_getKey26:
;__analogkey_Driver.c, 105 :: 		return _ANALOGKEY_TOUCH_KEY_2;
0x9D000984	0x0B400276  J	L_end_analogkey_getKey
0x9D000988	0x34020002  ORI	R2, R0, 2
;__analogkey_Driver.c, 103 :: 		else if(adcValue >= (_maxADC/6 * 5 - _prec) && adcValue <= (_maxADC/6 * 5 + _prec))
L__analogkey_getKey40:
L__analogkey_getKey39:
;__analogkey_Driver.c, 107 :: 		else if(adcValue >= (_maxADC - _prec) && adcValue <= (_maxADC + _prec))
0x9D00098C	0x90238040  LBU	R3, Offset(__analogkey_Driver__prec+0)(GP)
0x9D000990	0x94228000  LHU	R2, Offset(__analogkey_Driver__maxADC+0)(GP)
0x9D000994	0x00431023  SUBU	R2, R2, R3
0x9D000998	0x3323FFFF  ANDI	R3, R25, 65535
0x9D00099C	0x3042FFFF  ANDI	R2, R2, 65535
0x9D0009A0	0x0062102B  SLTU	R2, R3, R2
0x9D0009A4	0x1440000B  BNE	R2, R0, L__analogkey_getKey42
0x9D0009A8	0x70000000  NOP	
L__analogkey_getKey56:
0x9D0009AC	0x90238040  LBU	R3, Offset(__analogkey_Driver__prec+0)(GP)
0x9D0009B0	0x94228000  LHU	R2, Offset(__analogkey_Driver__maxADC+0)(GP)
0x9D0009B4	0x00431021  ADDU	R2, R2, R3
0x9D0009B8	0x3323FFFF  ANDI	R3, R25, 65535
0x9D0009BC	0x3042FFFF  ANDI	R2, R2, 65535
0x9D0009C0	0x0043102B  SLTU	R2, R2, R3
0x9D0009C4	0x14400003  BNE	R2, R0, L__analogkey_getKey41
0x9D0009C8	0x70000000  NOP	
L__analogkey_getKey57:
L__analogkey_getKey25:
;__analogkey_Driver.c, 109 :: 		return _ANALOGKEY_TOUCH_KEY_1;
0x9D0009CC	0x0B400276  J	L_end_analogkey_getKey
0x9D0009D0	0x34020001  ORI	R2, R0, 1
;__analogkey_Driver.c, 107 :: 		else if(adcValue >= (_maxADC - _prec) && adcValue <= (_maxADC + _prec))
L__analogkey_getKey42:
L__analogkey_getKey41:
;__analogkey_Driver.c, 111 :: 		return _ANALOGKEY_NO_TOUCH;
0x9D0009D4	0x0000100A  MOVZ	R2, R0, R0
;__analogkey_Driver.c, 112 :: 		}
L_end_analogkey_getKey:
0x9D0009D8	0x03E00008  JR	RA
0x9D0009DC	0x70000000  NOP	
; end of _analogkey_getKey
_IntToStr:
;__Lib_Conversions.c, 211 :: 		
0x9D000678	0x27BDFFF4  ADDIU	SP, SP, -12
0x9D00067C	0xAFBF0000  SW	RA, 0(SP)
;__Lib_Conversions.c, 217 :: 		
0x9D000680	0xAFB90004  SW	R25, 4(SP)
0x9D000684	0xA7A00008  SH	R0, 8(SP)
;__Lib_Conversions.c, 218 :: 		
0x9D000688	0xA7B9000A  SH	R25, 10(SP)
;__Lib_Conversions.c, 219 :: 		
0x9D00068C	0x7C191620  SEH	R2, R25
0x9D000690	0x28420000  SLTI	R2, R2, 0
0x9D000694	0x10400006  BEQ	R2, R0, L_IntToStr37
0x9D000698	0x70000000  NOP	
L__IntToStr228:
;__Lib_Conversions.c, 220 :: 		
0x9D00069C	0x34020001  ORI	R2, R0, 1
0x9D0006A0	0xA7A20008  SH	R2, 8(SP)
;__Lib_Conversions.c, 221 :: 		
0x9D0006A4	0x0000100A  MOVZ	R2, R0, R0
0x9D0006A8	0x00591023  SUBU	R2, R2, R25
0x9D0006AC	0xA7A2000A  SH	R2, 10(SP)
;__Lib_Conversions.c, 222 :: 		
L_IntToStr37:
;__Lib_Conversions.c, 223 :: 		
0x9D0006B0	0x0F400116  JAL	_WordToStr+0
0x9D0006B4	0x97B9000A  LHU	R25, 10(SP)
;__Lib_Conversions.c, 225 :: 		
; i start address is: 16 (R4)
0x9D0006B8	0x34040006  ORI	R4, R0, 6
; i end address is: 16 (R4)
;__Lib_Conversions.c, 226 :: 		
L_IntToStr38:
; i start address is: 16 (R4)
0x9D0006BC	0x3082FFFF  ANDI	R2, R4, 65535
0x9D0006C0	0x2C420001  SLTIU	R2, R2, 1
0x9D0006C4	0x1440000C  BNE	R2, R0, L_IntToStr39
0x9D0006C8	0x70000000  NOP	
L__IntToStr229:
;__Lib_Conversions.c, 227 :: 		
0x9D0006CC	0x3082FFFF  ANDI	R2, R4, 65535
0x9D0006D0	0x03421821  ADDU	R3, R26, R2
0x9D0006D4	0x2482FFFF  ADDIU	R2, R4, -1
0x9D0006D8	0x3042FFFF  ANDI	R2, R2, 65535
0x9D0006DC	0x03421021  ADDU	R2, R26, R2
0x9D0006E0	0x90420000  LBU	R2, 0(R2)
0x9D0006E4	0xA0620000  SB	R2, 0(R3)
;__Lib_Conversions.c, 228 :: 		
0x9D0006E8	0x2482FFFF  ADDIU	R2, R4, -1
; i end address is: 16 (R4)
; i start address is: 20 (R5)
0x9D0006EC	0x3045FFFF  ANDI	R5, R2, 65535
;__Lib_Conversions.c, 229 :: 		
; i end address is: 20 (R5)
0x9D0006F0	0x0B4001AF  J	L_IntToStr38
0x9D0006F4	0x30A4FFFF  ANDI	R4, R5, 65535
L_IntToStr39:
;__Lib_Conversions.c, 230 :: 		
0x9D0006F8	0x34020020  ORI	R2, R0, 32
0x9D0006FC	0xA3420000  SB	R2, 0(R26)
;__Lib_Conversions.c, 231 :: 		
0x9D000700	0x97A20008  LHU	R2, 8(SP)
0x9D000704	0x10400011  BEQ	R2, R0, L_IntToStr40
0x9D000708	0x70000000  NOP	
L__IntToStr231:
;__Lib_Conversions.c, 232 :: 		
; i start address is: 16 (R4)
0x9D00070C	0x0000200A  MOVZ	R4, R0, R0
; i end address is: 16 (R4)
;__Lib_Conversions.c, 233 :: 		
L_IntToStr41:
; i start address is: 16 (R4)
0x9D000710	0x3082FFFF  ANDI	R2, R4, 65535
0x9D000714	0x03421021  ADDU	R2, R26, R2
0x9D000718	0x90420000  LBU	R2, 0(R2)
0x9D00071C	0x304300FF  ANDI	R3, R2, 255
0x9D000720	0x34020020  ORI	R2, R0, 32
0x9D000724	0x14620004  BNE	R3, R2, L_IntToStr42
0x9D000728	0x70000000  NOP	
L__IntToStr232:
0x9D00072C	0x24820001  ADDIU	R2, R4, 1
; i end address is: 16 (R4)
; i start address is: 8 (R2)
; i end address is: 8 (R2)
0x9D000730	0x0B4001C4  J	L_IntToStr41
0x9D000734	0x3044FFFF  ANDI	R4, R2, 65535
L_IntToStr42:
;__Lib_Conversions.c, 234 :: 		
; i start address is: 16 (R4)
0x9D000738	0x2482FFFF  ADDIU	R2, R4, -1
; i end address is: 16 (R4)
;__Lib_Conversions.c, 235 :: 		
0x9D00073C	0x3042FFFF  ANDI	R2, R2, 65535
0x9D000740	0x03421821  ADDU	R3, R26, R2
0x9D000744	0x3402002D  ORI	R2, R0, 45
0x9D000748	0xA0620000  SB	R2, 0(R3)
L_IntToStr40:
;__Lib_Conversions.c, 236 :: 		
L_end_IntToStr:
0x9D00074C	0x8FB90004  LW	R25, 4(SP)
0x9D000750	0x8FBF0000  LW	RA, 0(SP)
0x9D000754	0x03E00008  JR	RA
0x9D000758	0x27BD000C  ADDIU	SP, SP, 12
; end of _IntToStr
_WordToStr:
;__Lib_Conversions.c, 114 :: 		
0x9D000458	0x27BDFFFC  ADDIU	SP, SP, -4
;__Lib_Conversions.c, 119 :: 		
; len start address is: 16 (R4)
0x9D00045C	0x0000200A  MOVZ	R4, R0, R0
; len end address is: 16 (R4)
L_WordToStr11:
; len start address is: 16 (R4)
0x9D000460	0x308200FF  ANDI	R2, R4, 255
0x9D000464	0x2C420005  SLTIU	R2, R2, 5
0x9D000468	0x10400008  BEQ	R2, R0, L_WordToStr12
0x9D00046C	0x70000000  NOP	
L__WordToStr207:
;__Lib_Conversions.c, 120 :: 		
0x9D000470	0x308200FF  ANDI	R2, R4, 255
0x9D000474	0x03421821  ADDU	R3, R26, R2
0x9D000478	0x34020020  ORI	R2, R0, 32
0x9D00047C	0xA0620000  SB	R2, 0(R3)
;__Lib_Conversions.c, 119 :: 		
0x9D000480	0x24820001  ADDIU	R2, R4, 1
;__Lib_Conversions.c, 120 :: 		
0x9D000484	0x0B400118  J	L_WordToStr11
0x9D000488	0x304400FF  ANDI	R4, R2, 255
L_WordToStr12:
;__Lib_Conversions.c, 121 :: 		
0x9D00048C	0x308200FF  ANDI	R2, R4, 255
0x9D000490	0x03421021  ADDU	R2, R26, R2
0x9D000494	0xA0400000  SB	R0, 0(R2)
0x9D000498	0x2482FFFF  ADDIU	R2, R4, -1
0x9D00049C	0x304400FF  ANDI	R4, R2, 255
; len end address is: 16 (R4)
;__Lib_Conversions.c, 123 :: 		
L_WordToStr14:
;__Lib_Conversions.c, 124 :: 		
; len start address is: 16 (R4)
0x9D0004A0	0x308200FF  ANDI	R2, R4, 255
0x9D0004A4	0x03421821  ADDU	R3, R26, R2
0x9D0004A8	0x3402000A  ORI	R2, R0, 10
0x9D0004AC	0x0322001B  DIVU	R25, R2
0x9D0004B0	0x00001010  MFHI	R2
0x9D0004B4	0x24420030  ADDIU	R2, R2, 48
0x9D0004B8	0xA0620000  SB	R2, 0(R3)
;__Lib_Conversions.c, 125 :: 		
0x9D0004BC	0x3323FFFF  ANDI	R3, R25, 65535
0x9D0004C0	0x3402000A  ORI	R2, R0, 10
0x9D0004C4	0x0062001B  DIVU	R3, R2
0x9D0004C8	0x00001012  MFLO	R2
0x9D0004CC	0x3059FFFF  ANDI	R25, R2, 65535
;__Lib_Conversions.c, 126 :: 		
0x9D0004D0	0x3042FFFF  ANDI	R2, R2, 65535
0x9D0004D4	0x14400003  BNE	R2, R0, L_WordToStr16
0x9D0004D8	0x70000000  NOP	
L__WordToStr208:
; len end address is: 16 (R4)
;__Lib_Conversions.c, 127 :: 		
0x9D0004DC	0x0B40013C  J	L_WordToStr15
0x9D0004E0	0x70000000  NOP	
L_WordToStr16:
;__Lib_Conversions.c, 128 :: 		
; len start address is: 16 (R4)
0x9D0004E4	0x2482FFFF  ADDIU	R2, R4, -1
;__Lib_Conversions.c, 129 :: 		
; len end address is: 16 (R4)
0x9D0004E8	0x0B400128  J	L_WordToStr14
0x9D0004EC	0x304400FF  ANDI	R4, R2, 255
L_WordToStr15:
;__Lib_Conversions.c, 130 :: 		
L_end_WordToStr:
0x9D0004F0	0x03E00008  JR	RA
0x9D0004F4	0x27BD0004  ADDIU	SP, SP, 4
; end of _WordToStr
___BootStartUp:
;__Lib_System.c, 68 :: 		
0xBFC00000	0x27BDFFFC  ADDIU	SP, SP, -4
;__Lib_System.c, 72 :: 		
0xBFC00004	0x70000000  NOP	
;__Lib_System.c, 73 :: 		
0xBFC00008	0x70000000  NOP	
;__Lib_System.c, 74 :: 		
0xBFC0000C	0x70000000  NOP	
;__Lib_System.c, 75 :: 		
0xBFC00010	0x70000000  NOP	
;__Lib_System.c, 76 :: 		
0xBFC00014	0x70000000  NOP	
;__Lib_System.c, 77 :: 		
0xBFC00018	0x70000000  NOP	
;__Lib_System.c, 78 :: 		
0xBFC0001C	0x70000000  NOP	
;__Lib_System.c, 79 :: 		
0xBFC00020	0x70000000  NOP	
;__Lib_System.c, 80 :: 		
0xBFC00024	0x70000000  NOP	
;__Lib_System.c, 81 :: 		
0xBFC00028	0x70000000  NOP	
;__Lib_System.c, 82 :: 		
0xBFC0002C	0x70000000  NOP	
;__Lib_System.c, 83 :: 		
0xBFC00030	0x70000000  NOP	
;__Lib_System.c, 84 :: 		
0xBFC00034	0x70000000  NOP	
;__Lib_System.c, 85 :: 		
0xBFC00038	0x70000000  NOP	
;__Lib_System.c, 86 :: 		
0xBFC0003C	0x70000000  NOP	
;__Lib_System.c, 87 :: 		
0xBFC00040	0x70000000  NOP	
;__Lib_System.c, 88 :: 		
0xBFC00044	0x70000000  NOP	
;__Lib_System.c, 89 :: 		
0xBFC00048	0x70000000  NOP	
;__Lib_System.c, 90 :: 		
0xBFC0004C	0x70000000  NOP	
;__Lib_System.c, 91 :: 		
0xBFC00050	0x70000000  NOP	
;__Lib_System.c, 94 :: 		
0xBFC00054	0x3C1DA001  LUI	SP, 40961
0xBFC00058	0x37BDFFFC  ORI	SP, SP, 65532
;__Lib_System.c, 95 :: 		
0xBFC0005C	0x3C01A000  LUI	GP, 40960
0xBFC00060	0x34218000  ORI	GP, GP, 32768
;__Lib_System.c, 99 :: 		
0xBFC00064	0x401E6002  MFC0	R30, 12, 2
;__Lib_System.c, 100 :: 		
0xBFC00068	0x03C0E00A  MOVZ	R28, R30, R0
;__Lib_System.c, 101 :: 		
0xBFC0006C	0x7FDB1E80  EXT	R27, R30, 26, 4
;__Lib_System.c, 102 :: 		
0xBFC00070	0x7F7E4984  INS	R30, R27, 6, 4
;__Lib_System.c, 103 :: 		
0xBFC00074	0x409E6002  MTC0	R30, 12, 2
;__Lib_System.c, 104 :: 		
0xBFC00078	0x41C10800  WRPGPR	GP, GP
;__Lib_System.c, 105 :: 		
0xBFC0007C	0x409C6002  MTC0	R28, 12, 2
;__Lib_System.c, 111 :: 		
0xBFC00080	0x3C02A421  LUI	R2, 42017
0xBFC00084	0x34420583  ORI	R2, R2, 1411
0xBFC00088	0x0040F00A  MOVZ	R30, R2, R0
0xBFC0008C	0x409E8000  MTC0	R30, 16, 0
;__Lib_System.c, 114 :: 		
0xBFC00090	0x0000100A  MOVZ	R2, R0, R0
0xBFC00094	0x0040F00A  MOVZ	R30, R2, R0
0xBFC00098	0x409E4800  MTC0	R30, 9, 0
;__Lib_System.c, 117 :: 		
0xBFC0009C	0x3C02FFFF  LUI	R2, 65535
0xBFC000A0	0x3442FFFF  ORI	R2, R2, 65535
0xBFC000A4	0x0040F00A  MOVZ	R30, R2, R0
0xBFC000A8	0x409E5800  MTC0	R30, 11, 0
;__Lib_System.c, 119 :: 		
0xBFC000AC	0x3C029FC0  LUI	R2, 40896
0xBFC000B0	0x34421000  ORI	R2, R2, 4096
0xBFC000B4	0x0040F00A  MOVZ	R30, R2, R0
0xBFC000B8	0x409E7801  MTC0	R30, 15, 1
;__Lib_System.c, 121 :: 		
0xBFC000BC	0x34020020  ORI	R2, R0, 32
0xBFC000C0	0x0040F00A  MOVZ	R30, R2, R0
0xBFC000C4	0x409E6001  MTC0	R30, 12, 1
;__Lib_System.c, 123 :: 		
0xBFC000C8	0x3C020400  LUI	R2, 1024
0xBFC000CC	0x0040F00A  MOVZ	R30, R2, R0
0xBFC000D0	0x409E6002  MTC0	R30, 12, 2
;__Lib_System.c, 124 :: 		
0xBFC000D4	0x0000100A  MOVZ	R2, R0, R0
0xBFC000D8	0x0040F00A  MOVZ	R30, R2, R0
0xBFC000DC	0x409E6003  MTC0	R30, 12, 3
;__Lib_System.c, 129 :: 		
0xBFC000E0	0x3C020010  LUI	R2, 16
0xBFC000E4	0x0040F00A  MOVZ	R30, R2, R0
0xBFC000E8	0x409E6000  MTC0	R30, 12, 0
;__Lib_System.c, 132 :: 		
0xBFC000EC	0x34020032  ORI	R2, R0, 50
0xBFC000F0	0x3C1EBF88  LUI	R30, 49032
0xBFC000F4	0xAFC24000  SW	R2, 16384(R30)
;__Lib_System.c, 137 :: 		
0xBFC000F8	0x34021000  ORI	R2, R0, 4096
0xBFC000FC	0x3C1EBF88  LUI	R30, 49032
0xBFC00100	0xAFC21000  SW	R2, 4096(R30)
;__Lib_System.c, 143 :: 		
0xBFC00104	0x3C020080  LUI	R2, 128
0xBFC00108	0x0040F00A  MOVZ	R30, R2, R0
0xBFC0010C	0x409E6800  MTC0	R30, 13, 0
;__Lib_System.c, 149 :: 		
0xBFC00110	0x3C1E9D00  LUI	R30, hi_addr(_main+0)
;__Lib_System.c, 150 :: 		
0xBFC00114	0x37DE0E34  ORI	R30, R30, lo_addr(_main+0)
;__Lib_System.c, 152 :: 		
0xBFC00118	0x03C00008  JR	R30
;__Lib_System.c, 153 :: 		
0xBFC0011C	0x70000000  NOP	
;__Lib_System.c, 155 :: 		
L_end___BootStartUp:
0xBFC00120	0x03E00008  JR	RA
0xBFC00124	0x27BD0004  ADDIU	SP, SP, 4
; end of ___BootStartUp
___BootGenExcept:
;__Lib_System.c, 56 :: 		
0x9D000E1C	0x27BDFFFC  ADDIU	SP, SP, -4
;__Lib_System.c, 57 :: 		
L___BootGenExcept6:
;__Lib_System.c, 58 :: 		
0x9D000E20	0x0B400388  J	L___BootGenExcept6
0x9D000E24	0x70000000  NOP	
;__Lib_System.c, 59 :: 		
L_end___BootGenExcept:
0x9D000E28	0x27BD0004  ADDIU	SP, SP, 4
0x9D000E2C	0x42000018  ERET	
0x9D000E30	0x70000000  NOP	
; end of ___BootGenExcept
___GenExcept:
;__Lib_System.c, 61 :: 		
0x9D000E04	0x27BDFFFC  ADDIU	SP, SP, -4
;__Lib_System.c, 62 :: 		
L___GenExcept8:
;__Lib_System.c, 63 :: 		
0x9D000E08	0x0B400382  J	L___GenExcept8
0x9D000E0C	0x70000000  NOP	
;__Lib_System.c, 64 :: 		
L_end___GenExcept:
0x9D000E10	0x27BD0004  ADDIU	SP, SP, 4
0x9D000E14	0x42000018  ERET	
0x9D000E18	0x70000000  NOP	
; end of ___GenExcept
0x9D000F10	0x03E0C80A  MOVZ	R25, RA, R0
0x9D000F14	0x3C17A000  LUI	R23, 40960
0x9D000F18	0x36F70000  ORI	R23, R23, 0
0x9D000F1C	0x3C16A000  LUI	R22, 40960
0x9D000F20	0x36D60041  ORI	R22, R22, 65
0x9D000F24	0x3C189D00  LUI	R24, 40192
0x9D000F28	0x37180ECC  ORI	R24, R24, 3788
0x9D000F2C	0x0F40032D  JAL	___CC2DW
0x9D000F30	0x70000000  NOP	
0x9D000F34	0x0320F80A  MOVZ	RA, R25, R0
0x9D000F38	0x03E00008  JR	RA
0x9D000F3C	0x70000000  NOP	
0x9D000F98	0x03E0C80A  MOVZ	R25, RA, R0
0x9D000F9C	0x3C17A000  LUI	R23, 40960
0x9D000FA0	0x36F70000  ORI	R23, R23, 0
0x9D000FA4	0x3C16A000  LUI	R22, 40960
0x9D000FA8	0x36D6005C  ORI	R22, R22, 92
0x9D000FAC	0x0F400313  JAL	___FillZeros
0x9D000FB0	0x70000000  NOP	
0x9D000FB4	0x0320F80A  MOVZ	RA, R25, R0
0x9D000FB8	0x03E00008  JR	RA
0x9D000FBC	0x70000000  NOP	
;easypicfusion_v7_P32MX795F512L.c,47 :: __MIKROBUS1_GPIO [96]
0x9D000E6C	0xFFFFFFFF ;__MIKROBUS1_GPIO+0
0x9D000E70	0xFFFFFFFF ;__MIKROBUS1_GPIO+4
0x9D000E74	0xFFFFFFFF ;__MIKROBUS1_GPIO+8
0x9D000E78	0xFFFFFFFF ;__MIKROBUS1_GPIO+12
0x9D000E7C	0xFFFFFFFF ;__MIKROBUS1_GPIO+16
0x9D000E80	0xFFFFFFFF ;__MIKROBUS1_GPIO+20
0x9D000E84	0xFFFFFFFF ;__MIKROBUS1_GPIO+24
0x9D000E88	0xFFFFFFFF ;__MIKROBUS1_GPIO+28
0x9D000E8C	0xFFFFFFFF ;__MIKROBUS1_GPIO+32
0x9D000E90	0xFFFFFFFF ;__MIKROBUS1_GPIO+36
0x9D000E94	0xFFFFFFFF ;__MIKROBUS1_GPIO+40
0x9D000E98	0xFFFFFFFF ;__MIKROBUS1_GPIO+44
0x9D000E9C	0xFFFFFFFF ;__MIKROBUS1_GPIO+48
0x9D000EA0	0xFFFFFFFF ;__MIKROBUS1_GPIO+52
0x9D000EA4	0xFFFFFFFF ;__MIKROBUS1_GPIO+56
0x9D000EA8	0xFFFFFFFF ;__MIKROBUS1_GPIO+60
0x9D000EAC	0xFFFFFFFF ;__MIKROBUS1_GPIO+64
0x9D000EB0	0xFFFFFFFF ;__MIKROBUS1_GPIO+68
0x9D000EB4	0xFFFFFFFF ;__MIKROBUS1_GPIO+72
0x9D000EB8	0xFFFFFFFF ;__MIKROBUS1_GPIO+76
0x9D000EBC	0xFFFFFFFF ;__MIKROBUS1_GPIO+80
0x9D000EC0	0xFFFFFFFF ;__MIKROBUS1_GPIO+84
0x9D000EC4	0xFFFFFFFF ;__MIKROBUS1_GPIO+88
0x9D000EC8	0xFFFFFFFF ;__MIKROBUS1_GPIO+92
; end of __MIKROBUS1_GPIO
;,0 :: _initBlock_1 [24]
; Containing: ?ICS__analogkey_Driver__maxADC [2]
;             ?ICS?lstr3_Click_AnalogKey_PIC32 [22]
0x9D000ECC	0x72500400 ;_initBlock_1+0 : ?ICS__analogkey_Driver__maxADC at 0x9D000ECC : ?ICS?lstr3_Click_AnalogKey_PIC32 at 0x9D000ECE
0x9D000ED0	0x65737365 ;_initBlock_1+4
0x9D000ED4	0x68742064 ;_initBlock_1+8
0x9D000ED8	0x75622065 ;_initBlock_1+12
0x9D000EDC	0x6E6F7474 ;_initBlock_1+16
0x9D000EE0	0x00203A20 ;_initBlock_1+20
; end of _initBlock_1
;Click_AnalogKey_PIC32.c,0 :: ?ICS?lstr2_Click_AnalogKey_PIC32 [20]
0x9D000EE4	0x73657250 ;?ICS?lstr2_Click_AnalogKey_PIC32+0
0x9D000EE8	0x68742073 ;?ICS?lstr2_Click_AnalogKey_PIC32+4
0x9D000EEC	0x75622065 ;?ICS?lstr2_Click_AnalogKey_PIC32+8
0x9D000EF0	0x6E6F7474 ;?ICS?lstr2_Click_AnalogKey_PIC32+12
0x9D000EF4	0x00443A20 ;?ICS?lstr2_Click_AnalogKey_PIC32+16
; end of ?ICS?lstr2_Click_AnalogKey_PIC32
;Click_AnalogKey_PIC32.c,0 :: ?ICS?lstr1_Click_AnalogKey_PIC32 [20]
0x9D000EF8	0x202D2D2D ;?ICS?lstr1_Click_AnalogKey_PIC32+0
0x9D000EFC	0x74737953 ;?ICS?lstr1_Click_AnalogKey_PIC32+4
0x9D000F00	0x49206D65 ;?ICS?lstr1_Click_AnalogKey_PIC32+8
0x9D000F04	0x2074696E ;?ICS?lstr1_Click_AnalogKey_PIC32+12
0x9D000F08	0x002D2D2D ;?ICS?lstr1_Click_AnalogKey_PIC32+16
; end of ?ICS?lstr1_Click_AnalogKey_PIC32
;__analogkey_Driver.c,0 :: ?ICS__analogkey_Driver__prec [1]
0x9D000F0C	0x33 ;?ICS__analogkey_Driver__prec+0
; end of ?ICS__analogkey_Driver__prec
Symbol List:
//** Routines locations **
//ADDRESS    SIZE    PROCEDURE
//----------------------------------------------
0x9D000000      [16]    _Get_Fosc_kHz
0x9D000010     [140]    __Lib_UART_123456_UART_Calc_BRG
0x9D00009C      [52]    _UART2_Write
0x9D0000D0      [52]    _UART1_Write
0x9D000104     [232]    _UART5_Init
0x9D0001EC      [52]    _UART6_Write
0x9D000220     [128]    _ADC1_Get_Sample
0x9D0002A0      [52]    _UART5_Write
0x9D0002D4      [52]    _UART3_Write
0x9D000308      [52]    _UART4_Write
0x9D00033C     [232]    _UART2_Init
0x9D000424       [8]    __analogkey_Driver_hal_gpioMap
0x9D00042C      [44]    easypicfusion_v7_P32MX795F512L__log_init1
0x9D000458     [160]    _WordToStr
0x9D0004F8      [48]    _ADC1_Read
0x9D000528      [80]    _ADC1_Init
0x9D000578      [44]    easypicfusion_v7_P32MX795F512L__log_initUartA
0x9D0005A4      [44]    easypicfusion_v7_P32MX795F512L__log_initUartB
0x9D0005D0      [48]    easypicfusion_v7_P32MX795F512L__log_write
0x9D000600      [44]    easypicfusion_v7_P32MX795F512L__log_init2
0x9D00062C       [8]    _analogkey_adcSetInputChannel
0x9D000634      [28]    _analogkey_adcInit
0x9D000650      [40]    _analogkey_adcRead
0x9D000678     [228]    _IntToStr
0x9D00075C     [644]    _analogkey_getKey
0x9D0009E0      [28]    _Delay_10ms
0x9D0009FC      [28]    _Delay_100ms
0x9D000A18     [172]    _mikrobus_logInit
0x9D000AC4      [28]    _analogkey_gpioDriverInit
0x9D000AE0     [304]    _mikrobus_logWrite
0x9D000C10      [60]    _analogkey_setResolution
0x9D000C4C      [32]    ___FillZeros
0x9D000C6C      [72]    _systemInit
0x9D000CB4      [32]    ___CC2DW
0x9D000CD4      [96]    _applicationInit
0x9D000D34     [208]    _applicationTask
0x9D000E04      [24]    ___GenExcept
0x9D000E1C      [24]    ___BootGenExcept
0x9D000E34      [56]    _main
0xBFC00000     [296]    ___BootStartUp
//** Variables locations ** 
//ADDRESS    SIZE    VARIABLE
//----------------------------------------------
0xA0000000       [2]    __analogkey_Driver__maxADC
0xA0000002      [22]    ?lstr3_Click_AnalogKey_PIC32
0xA0000018      [20]    ?lstr2_Click_AnalogKey_PIC32
0xA000002C      [20]    ?lstr1_Click_AnalogKey_PIC32
0xA0000040       [1]    __analogkey_Driver__prec
0xA0000044       [4]    _logger
0xA0000048       [4]    _UART_Rdy_Ptr
0xA000004C       [4]    _UART_Tx_Idle_Ptr
0xA0000050       [4]    _UART_Rd_Ptr
0xA0000054       [4]    _ADC_Get_Sample_Ptr
0xA0000058       [4]    _UART_Wr_Ptr
//** Constants locations ** 
//ADDRESS    SIZE    CONSTANT
//----------------------------------------------
0x9D000E6C      [96]    __MIKROBUS1_GPIO
0x9D000ECC       [2]    ?ICS__analogkey_Driver__maxADC
0x9D000ECE      [22]    ?ICS?lstr3_Click_AnalogKey_PIC32
0x9D000EE4      [20]    ?ICS?lstr2_Click_AnalogKey_PIC32
0x9D000EF8      [20]    ?ICS?lstr1_Click_AnalogKey_PIC32
0x9D000F0C       [1]    ?ICS__analogkey_Driver__prec
